INFO, 2023-04-20 09:02:59,537, dashboard_function.py - os_pieChartData - Success
INFO, 2023-04-20 09:02:59,637, dashboard_function.py - wire_pieChartData - Success
INFO, 2023-04-20 09:02:59,741, dashboard_function.py - virtual_pieChartData - Success
INFO, 2023-04-20 09:02:59,848, dashboard_function.py - server_BChartDataList - Success
INFO, 2023-04-20 09:02:59,964, dashboard_function.py - service_donutChartData - Success
INFO, 2023-04-20 09:03:00,051, dashboard_function.py - ResourceDiskChartDataList - Success
INFO, 2023-04-20 09:03:00,134, dashboard_function.py - ResourceRemChartDataList - Success
INFO, 2023-04-20 09:03:00,227, dashboard_function.py - alarmData - Success
INFO, 2023-04-20 09:03:00,314, dashboard_function.py - server_LChartDataList - Success
INFO, 2023-04-20 09:03:00,403, dashboard_function.py - vendorChartList - Success
INFO, 2023-04-20 09:03:00,489, dashboard_function.py - alarm_donutChartData - Success
INFO, 2023-04-20 09:03:00,691, dashboard_function.py - BNChartDataList - Success
INFO, 2023-04-20 09:03:00,692, dashboard_function.py - WMCDL(World Map Chart Data List) - Success
INFO, 2023-04-20 09:03:00,877, dashboard_function.py - memoryMoreDataList - Success
INFO, 2023-04-20 09:13:01,372, dashboard_function.py - os_pieChartData - Success
INFO, 2023-04-20 09:13:01,459, dashboard_function.py - wire_pieChartData - Success
INFO, 2023-04-20 09:13:01,538, dashboard_function.py - virtual_pieChartData - Success
INFO, 2023-04-20 09:13:01,620, dashboard_function.py - server_BChartDataList - Success
INFO, 2023-04-20 09:13:01,742, dashboard_function.py - service_donutChartData - Success
INFO, 2023-04-20 09:13:01,826, dashboard_function.py - ResourceDiskChartDataList - Success
INFO, 2023-04-20 09:13:01,915, dashboard_function.py - ResourceRemChartDataList - Success
INFO, 2023-04-20 09:13:02,008, dashboard_function.py - alarmData - Success
INFO, 2023-04-20 09:13:02,114, dashboard_function.py - server_LChartDataList - Success
INFO, 2023-04-20 09:13:02,214, dashboard_function.py - vendorChartList - Success
INFO, 2023-04-20 09:13:02,306, dashboard_function.py - alarm_donutChartData - Success
INFO, 2023-04-20 09:13:02,496, dashboard_function.py - BNChartDataList - Success
INFO, 2023-04-20 09:13:02,496, dashboard_function.py - WMCDL(World Map Chart Data List) - Success
INFO, 2023-04-20 09:13:02,656, dashboard_function.py - memoryMoreDataList - Success
INFO, 2023-04-20 09:23:03,353, dashboard_function.py - os_pieChartData - Success
INFO, 2023-04-20 09:23:03,462, dashboard_function.py - wire_pieChartData - Success
INFO, 2023-04-20 09:23:03,557, dashboard_function.py - virtual_pieChartData - Success
INFO, 2023-04-20 09:23:03,653, dashboard_function.py - server_BChartDataList - Success
INFO, 2023-04-20 09:23:03,768, dashboard_function.py - service_donutChartData - Success
INFO, 2023-04-20 09:23:03,855, dashboard_function.py - ResourceDiskChartDataList - Success
INFO, 2023-04-20 09:23:03,946, dashboard_function.py - ResourceRemChartDataList - Success
INFO, 2023-04-20 09:23:04,042, dashboard_function.py - alarmData - Success
INFO, 2023-04-20 09:23:04,140, dashboard_function.py - server_LChartDataList - Success
INFO, 2023-04-20 09:23:04,249, dashboard_function.py - vendorChartList - Success
INFO, 2023-04-20 09:23:04,340, dashboard_function.py - alarm_donutChartData - Success
INFO, 2023-04-20 09:23:04,527, dashboard_function.py - BNChartDataList - Success
INFO, 2023-04-20 09:23:04,528, dashboard_function.py - WMCDL(World Map Chart Data List) - Success
INFO, 2023-04-20 09:23:04,700, dashboard_function.py - memoryMoreDataList - Success
INFO, 2023-04-20 09:33:05,478, dashboard_function.py - os_pieChartData - Success
INFO, 2023-04-20 09:33:05,569, dashboard_function.py - wire_pieChartData - Success
INFO, 2023-04-20 09:33:05,659, dashboard_function.py - virtual_pieChartData - Success
INFO, 2023-04-20 09:33:05,889, dashboard_function.py - server_BChartDataList - Success
INFO, 2023-04-20 09:33:06,062, dashboard_function.py - service_donutChartData - Success
INFO, 2023-04-20 09:33:06,203, dashboard_function.py - ResourceDiskChartDataList - Success
INFO, 2023-04-20 09:33:06,308, dashboard_function.py - ResourceRemChartDataList - Success
INFO, 2023-04-20 09:33:06,408, dashboard_function.py - alarmData - Success
INFO, 2023-04-20 09:33:06,522, dashboard_function.py - server_LChartDataList - Success
INFO, 2023-04-20 09:33:06,632, dashboard_function.py - vendorChartList - Success
INFO, 2023-04-20 09:33:06,737, dashboard_function.py - alarm_donutChartData - Success
INFO, 2023-04-20 09:33:06,935, dashboard_function.py - BNChartDataList - Success
INFO, 2023-04-20 09:33:06,935, dashboard_function.py - WMCDL(World Map Chart Data List) - Success
INFO, 2023-04-20 09:33:07,169, dashboard_function.py - memoryMoreDataList - Success
INFO, 2023-04-20 09:43:07,732, dashboard_function.py - os_pieChartData - Success
INFO, 2023-04-20 09:43:07,832, dashboard_function.py - wire_pieChartData - Success
INFO, 2023-04-20 09:43:07,925, dashboard_function.py - virtual_pieChartData - Success
INFO, 2023-04-20 09:43:08,021, dashboard_function.py - server_BChartDataList - Success
INFO, 2023-04-20 09:43:08,146, dashboard_function.py - service_donutChartData - Success
INFO, 2023-04-20 09:43:08,240, dashboard_function.py - ResourceDiskChartDataList - Success
INFO, 2023-04-20 09:43:08,333, dashboard_function.py - ResourceRemChartDataList - Success
INFO, 2023-04-20 09:43:08,426, dashboard_function.py - alarmData - Success
INFO, 2023-04-20 09:43:08,524, dashboard_function.py - server_LChartDataList - Success
INFO, 2023-04-20 09:43:08,622, dashboard_function.py - vendorChartList - Success
INFO, 2023-04-20 09:43:08,721, dashboard_function.py - alarm_donutChartData - Success
INFO, 2023-04-20 09:43:08,932, dashboard_function.py - BNChartDataList - Success
INFO, 2023-04-20 09:43:08,933, dashboard_function.py - WMCDL(World Map Chart Data List) - Success
INFO, 2023-04-20 09:43:09,111, dashboard_function.py - memoryMoreDataList - Success
INFO, 2023-04-20 09:53:10,354, dashboard_function.py - os_pieChartData - Success
INFO, 2023-04-20 09:53:10,438, dashboard_function.py - wire_pieChartData - Success
INFO, 2023-04-20 09:53:10,519, dashboard_function.py - virtual_pieChartData - Success
INFO, 2023-04-20 09:53:10,600, dashboard_function.py - server_BChartDataList - Success
INFO, 2023-04-20 09:53:10,716, dashboard_function.py - service_donutChartData - Success
INFO, 2023-04-20 09:53:10,799, dashboard_function.py - ResourceDiskChartDataList - Success
INFO, 2023-04-20 09:53:10,880, dashboard_function.py - ResourceRemChartDataList - Success
INFO, 2023-04-20 09:53:10,964, dashboard_function.py - alarmData - Success
INFO, 2023-04-20 09:53:11,051, dashboard_function.py - server_LChartDataList - Success
INFO, 2023-04-20 09:53:11,139, dashboard_function.py - vendorChartList - Success
INFO, 2023-04-20 09:53:11,219, dashboard_function.py - alarm_donutChartData - Success
INFO, 2023-04-20 09:53:11,402, dashboard_function.py - BNChartDataList - Success
INFO, 2023-04-20 09:53:11,403, dashboard_function.py - WMCDL(World Map Chart Data List) - Success
INFO, 2023-04-20 09:53:11,592, dashboard_function.py - memoryMoreDataList - Success
INFO, 2023-04-20 10:03:12,356, dashboard_function.py - os_pieChartData - Success
INFO, 2023-04-20 10:03:12,436, dashboard_function.py - wire_pieChartData - Success
INFO, 2023-04-20 10:03:12,521, dashboard_function.py - virtual_pieChartData - Success
INFO, 2023-04-20 10:03:12,609, dashboard_function.py - server_BChartDataList - Success
INFO, 2023-04-20 10:03:12,714, dashboard_function.py - service_donutChartData - Success
INFO, 2023-04-20 10:03:12,798, dashboard_function.py - ResourceDiskChartDataList - Success
INFO, 2023-04-20 10:03:12,880, dashboard_function.py - ResourceRemChartDataList - Success
INFO, 2023-04-20 10:03:12,966, dashboard_function.py - alarmData - Success
INFO, 2023-04-20 10:03:13,050, dashboard_function.py - server_LChartDataList - Success
INFO, 2023-04-20 10:03:13,142, dashboard_function.py - vendorChartList - Success
INFO, 2023-04-20 10:03:13,228, dashboard_function.py - alarm_donutChartData - Success
INFO, 2023-04-20 10:03:13,407, dashboard_function.py - BNChartDataList - Success
INFO, 2023-04-20 10:03:13,407, dashboard_function.py - WMCDL(World Map Chart Data List) - Success
INFO, 2023-04-20 10:03:13,582, dashboard_function.py - memoryMoreDataList - Success
INFO, 2023-04-20 10:13:14,356, dashboard_function.py - os_pieChartData - Success
INFO, 2023-04-20 10:13:14,441, dashboard_function.py - wire_pieChartData - Success
INFO, 2023-04-20 10:13:14,524, dashboard_function.py - virtual_pieChartData - Success
INFO, 2023-04-20 10:13:14,606, dashboard_function.py - server_BChartDataList - Success
INFO, 2023-04-20 10:13:14,721, dashboard_function.py - service_donutChartData - Success
INFO, 2023-04-20 10:13:14,815, dashboard_function.py - ResourceDiskChartDataList - Success
INFO, 2023-04-20 10:13:14,905, dashboard_function.py - ResourceRemChartDataList - Success
INFO, 2023-04-20 10:13:15,012, dashboard_function.py - alarmData - Success
INFO, 2023-04-20 10:13:15,117, dashboard_function.py - server_LChartDataList - Success
INFO, 2023-04-20 10:13:15,222, dashboard_function.py - vendorChartList - Success
INFO, 2023-04-20 10:13:15,326, dashboard_function.py - alarm_donutChartData - Success
INFO, 2023-04-20 10:13:15,507, dashboard_function.py - BNChartDataList - Success
INFO, 2023-04-20 10:13:15,507, dashboard_function.py - WMCDL(World Map Chart Data List) - Success
INFO, 2023-04-20 10:13:15,681, dashboard_function.py - memoryMoreDataList - Success
INFO, 2023-04-20 10:23:16,392, dashboard_function.py - os_pieChartData - Success
INFO, 2023-04-20 10:23:16,478, dashboard_function.py - wire_pieChartData - Success
INFO, 2023-04-20 10:23:16,580, dashboard_function.py - virtual_pieChartData - Success
INFO, 2023-04-20 10:23:16,677, dashboard_function.py - server_BChartDataList - Success
INFO, 2023-04-20 10:23:16,793, dashboard_function.py - service_donutChartData - Success
INFO, 2023-04-20 10:23:16,875, dashboard_function.py - ResourceDiskChartDataList - Success
INFO, 2023-04-20 10:23:16,962, dashboard_function.py - ResourceRemChartDataList - Success
INFO, 2023-04-20 10:23:17,054, dashboard_function.py - alarmData - Success
INFO, 2023-04-20 10:23:17,160, dashboard_function.py - server_LChartDataList - Success
INFO, 2023-04-20 10:23:17,278, dashboard_function.py - vendorChartList - Success
INFO, 2023-04-20 10:23:17,386, dashboard_function.py - alarm_donutChartData - Success
INFO, 2023-04-20 10:23:17,589, dashboard_function.py - BNChartDataList - Success
INFO, 2023-04-20 10:23:17,590, dashboard_function.py - WMCDL(World Map Chart Data List) - Success
INFO, 2023-04-20 10:23:17,811, dashboard_function.py - memoryMoreDataList - Success
INFO, 2023-04-20 10:33:18,392, dashboard_function.py - os_pieChartData - Success
INFO, 2023-04-20 10:33:18,499, dashboard_function.py - wire_pieChartData - Success
INFO, 2023-04-20 10:33:18,614, dashboard_function.py - virtual_pieChartData - Success
INFO, 2023-04-20 10:33:18,738, dashboard_function.py - server_BChartDataList - Success
INFO, 2023-04-20 10:33:18,911, dashboard_function.py - service_donutChartData - Success
INFO, 2023-04-20 10:33:19,036, dashboard_function.py - ResourceDiskChartDataList - Success
INFO, 2023-04-20 10:33:19,240, dashboard_function.py - ResourceRemChartDataList - Success
INFO, 2023-04-20 10:33:19,353, dashboard_function.py - alarmData - Success
INFO, 2023-04-20 10:33:19,470, dashboard_function.py - server_LChartDataList - Success
INFO, 2023-04-20 10:33:19,590, dashboard_function.py - vendorChartList - Success
INFO, 2023-04-20 10:33:19,704, dashboard_function.py - alarm_donutChartData - Success
INFO, 2023-04-20 10:33:19,939, dashboard_function.py - BNChartDataList - Success
INFO, 2023-04-20 10:33:19,939, dashboard_function.py - WMCDL(World Map Chart Data List) - Success
INFO, 2023-04-20 10:33:20,144, dashboard_function.py - memoryMoreDataList - Success
INFO, 2023-04-20 10:43:21,382, dashboard_function.py - os_pieChartData - Success
INFO, 2023-04-20 10:43:21,476, dashboard_function.py - wire_pieChartData - Success
INFO, 2023-04-20 10:43:21,586, dashboard_function.py - virtual_pieChartData - Success
INFO, 2023-04-20 10:43:21,701, dashboard_function.py - server_BChartDataList - Success
INFO, 2023-04-20 10:43:21,841, dashboard_function.py - service_donutChartData - Success
INFO, 2023-04-20 10:43:21,939, dashboard_function.py - ResourceDiskChartDataList - Success
INFO, 2023-04-20 10:43:22,039, dashboard_function.py - ResourceRemChartDataList - Success
INFO, 2023-04-20 10:43:22,147, dashboard_function.py - alarmData - Success
INFO, 2023-04-20 10:43:22,256, dashboard_function.py - server_LChartDataList - Success
INFO, 2023-04-20 10:43:22,350, dashboard_function.py - vendorChartList - Success
INFO, 2023-04-20 10:43:22,443, dashboard_function.py - alarm_donutChartData - Success
INFO, 2023-04-20 10:43:22,739, dashboard_function.py - BNChartDataList - Success
INFO, 2023-04-20 10:43:22,740, dashboard_function.py - WMCDL(World Map Chart Data List) - Success
INFO, 2023-04-20 10:43:22,933, dashboard_function.py - memoryMoreDataList - Success
INFO, 2023-04-20 10:53:24,411, dashboard_function.py - os_pieChartData - Success
INFO, 2023-04-20 10:53:24,526, dashboard_function.py - wire_pieChartData - Success
INFO, 2023-04-20 10:53:24,648, dashboard_function.py - virtual_pieChartData - Success
INFO, 2023-04-20 10:53:24,750, dashboard_function.py - server_BChartDataList - Success
INFO, 2023-04-20 10:53:24,902, dashboard_function.py - service_donutChartData - Success
INFO, 2023-04-20 10:53:24,992, dashboard_function.py - ResourceDiskChartDataList - Success
INFO, 2023-04-20 10:53:25,084, dashboard_function.py - ResourceRemChartDataList - Success
INFO, 2023-04-20 10:53:25,184, dashboard_function.py - alarmData - Success
INFO, 2023-04-20 10:53:25,276, dashboard_function.py - server_LChartDataList - Success
INFO, 2023-04-20 10:53:25,379, dashboard_function.py - vendorChartList - Success
INFO, 2023-04-20 10:53:25,486, dashboard_function.py - alarm_donutChartData - Success
INFO, 2023-04-20 10:53:25,695, dashboard_function.py - BNChartDataList - Success
INFO, 2023-04-20 10:53:25,696, dashboard_function.py - WMCDL(World Map Chart Data List) - Success
INFO, 2023-04-20 10:53:25,899, dashboard_function.py - memoryMoreDataList - Success
INFO, 2023-04-20 11:03:27,375, dashboard_function.py - os_pieChartData - Success
INFO, 2023-04-20 11:03:27,474, dashboard_function.py - wire_pieChartData - Success
INFO, 2023-04-20 11:03:27,562, dashboard_function.py - virtual_pieChartData - Success
INFO, 2023-04-20 11:03:27,646, dashboard_function.py - server_BChartDataList - Success
INFO, 2023-04-20 11:03:27,769, dashboard_function.py - service_donutChartData - Success
INFO, 2023-04-20 11:03:27,873, dashboard_function.py - ResourceDiskChartDataList - Success
INFO, 2023-04-20 11:03:27,969, dashboard_function.py - ResourceRemChartDataList - Success
INFO, 2023-04-20 11:03:28,073, dashboard_function.py - alarmData - Success
INFO, 2023-04-20 11:03:28,171, dashboard_function.py - server_LChartDataList - Success
INFO, 2023-04-20 11:03:28,254, dashboard_function.py - vendorChartList - Success
INFO, 2023-04-20 11:03:28,349, dashboard_function.py - alarm_donutChartData - Success
INFO, 2023-04-20 11:03:28,561, dashboard_function.py - BNChartDataList - Success
INFO, 2023-04-20 11:03:28,562, dashboard_function.py - WMCDL(World Map Chart Data List) - Success
INFO, 2023-04-20 11:03:28,776, dashboard_function.py - memoryMoreDataList - Success
INFO, 2023-04-20 11:13:29,375, dashboard_function.py - os_pieChartData - Success
INFO, 2023-04-20 11:13:29,472, dashboard_function.py - wire_pieChartData - Success
INFO, 2023-04-20 11:13:29,570, dashboard_function.py - virtual_pieChartData - Success
INFO, 2023-04-20 11:13:29,695, dashboard_function.py - server_BChartDataList - Success
INFO, 2023-04-20 11:13:29,859, dashboard_function.py - service_donutChartData - Success
INFO, 2023-04-20 11:13:29,997, dashboard_function.py - ResourceDiskChartDataList - Success
INFO, 2023-04-20 11:13:30,149, dashboard_function.py - ResourceRemChartDataList - Success
INFO, 2023-04-20 11:13:30,273, dashboard_function.py - alarmData - Success
INFO, 2023-04-20 11:13:30,389, dashboard_function.py - server_LChartDataList - Success
INFO, 2023-04-20 11:13:30,600, dashboard_function.py - vendorChartList - Success
INFO, 2023-04-20 11:13:30,695, dashboard_function.py - alarm_donutChartData - Success
INFO, 2023-04-20 11:13:30,909, dashboard_function.py - BNChartDataList - Success
INFO, 2023-04-20 11:13:30,910, dashboard_function.py - WMCDL(World Map Chart Data List) - Success
INFO, 2023-04-20 11:13:31,133, dashboard_function.py - memoryMoreDataList - Success
INFO, 2023-04-20 11:23:32,378, dashboard_function.py - os_pieChartData - Success
INFO, 2023-04-20 11:23:32,468, dashboard_function.py - wire_pieChartData - Success
INFO, 2023-04-20 11:23:32,561, dashboard_function.py - virtual_pieChartData - Success
INFO, 2023-04-20 11:23:32,668, dashboard_function.py - server_BChartDataList - Success
INFO, 2023-04-20 11:23:32,802, dashboard_function.py - service_donutChartData - Success
INFO, 2023-04-20 11:23:32,912, dashboard_function.py - ResourceDiskChartDataList - Success
INFO, 2023-04-20 11:23:33,006, dashboard_function.py - ResourceRemChartDataList - Success
INFO, 2023-04-20 11:23:33,105, dashboard_function.py - alarmData - Success
INFO, 2023-04-20 11:23:33,255, dashboard_function.py - server_LChartDataList - Success
INFO, 2023-04-20 11:23:33,393, dashboard_function.py - vendorChartList - Success
INFO, 2023-04-20 11:23:33,511, dashboard_function.py - alarm_donutChartData - Success
INFO, 2023-04-20 11:23:33,720, dashboard_function.py - BNChartDataList - Success
INFO, 2023-04-20 11:23:33,720, dashboard_function.py - WMCDL(World Map Chart Data List) - Success
INFO, 2023-04-20 11:23:33,924, dashboard_function.py - memoryMoreDataList - Success
INFO, 2023-04-20 11:33:35,424, dashboard_function.py - os_pieChartData - Success
INFO, 2023-04-20 11:33:35,564, dashboard_function.py - wire_pieChartData - Success
INFO, 2023-04-20 11:33:35,679, dashboard_function.py - virtual_pieChartData - Success
INFO, 2023-04-20 11:33:35,789, dashboard_function.py - server_BChartDataList - Success
INFO, 2023-04-20 11:33:36,198, dashboard_function.py - service_donutChartData - Success
INFO, 2023-04-20 11:33:36,299, dashboard_function.py - ResourceDiskChartDataList - Success
INFO, 2023-04-20 11:33:36,403, dashboard_function.py - ResourceRemChartDataList - Success
INFO, 2023-04-20 11:33:36,504, dashboard_function.py - alarmData - Success
INFO, 2023-04-20 11:33:36,621, dashboard_function.py - server_LChartDataList - Success
INFO, 2023-04-20 11:33:36,727, dashboard_function.py - vendorChartList - Success
INFO, 2023-04-20 11:33:36,849, dashboard_function.py - alarm_donutChartData - Success
INFO, 2023-04-20 11:33:37,060, dashboard_function.py - BNChartDataList - Success
INFO, 2023-04-20 11:33:37,061, dashboard_function.py - WMCDL(World Map Chart Data List) - Success
INFO, 2023-04-20 11:33:37,273, dashboard_function.py - memoryMoreDataList - Success
INFO, 2023-04-20 11:43:38,372, dashboard_function.py - os_pieChartData - Success
INFO, 2023-04-20 11:43:38,469, dashboard_function.py - wire_pieChartData - Success
INFO, 2023-04-20 11:43:38,575, dashboard_function.py - virtual_pieChartData - Success
INFO, 2023-04-20 11:43:38,697, dashboard_function.py - server_BChartDataList - Success
INFO, 2023-04-20 11:43:38,862, dashboard_function.py - service_donutChartData - Success
INFO, 2023-04-20 11:43:39,069, dashboard_function.py - ResourceDiskChartDataList - Success
INFO, 2023-04-20 11:43:39,160, dashboard_function.py - ResourceRemChartDataList - Success
INFO, 2023-04-20 11:43:39,253, dashboard_function.py - alarmData - Success
INFO, 2023-04-20 11:43:39,354, dashboard_function.py - server_LChartDataList - Success
INFO, 2023-04-20 11:43:39,469, dashboard_function.py - vendorChartList - Success
INFO, 2023-04-20 11:43:39,592, dashboard_function.py - alarm_donutChartData - Success
INFO, 2023-04-20 11:43:39,803, dashboard_function.py - BNChartDataList - Success
INFO, 2023-04-20 11:43:39,805, dashboard_function.py - WMCDL(World Map Chart Data List) - Success
INFO, 2023-04-20 11:43:39,992, dashboard_function.py - memoryMoreDataList - Success
INFO, 2023-04-20 11:53:41,376, dashboard_function.py - os_pieChartData - Success
INFO, 2023-04-20 11:53:41,569, dashboard_function.py - wire_pieChartData - Success
INFO, 2023-04-20 11:53:41,652, dashboard_function.py - virtual_pieChartData - Success
INFO, 2023-04-20 11:53:41,736, dashboard_function.py - server_BChartDataList - Success
INFO, 2023-04-20 11:53:41,844, dashboard_function.py - service_donutChartData - Success
INFO, 2023-04-20 11:53:41,925, dashboard_function.py - ResourceDiskChartDataList - Success
INFO, 2023-04-20 11:53:42,028, dashboard_function.py - ResourceRemChartDataList - Success
INFO, 2023-04-20 11:53:42,131, dashboard_function.py - alarmData - Success
INFO, 2023-04-20 11:53:42,235, dashboard_function.py - server_LChartDataList - Success
INFO, 2023-04-20 11:53:42,352, dashboard_function.py - vendorChartList - Success
INFO, 2023-04-20 11:53:42,452, dashboard_function.py - alarm_donutChartData - Success
INFO, 2023-04-20 11:53:42,636, dashboard_function.py - BNChartDataList - Success
INFO, 2023-04-20 11:53:42,638, dashboard_function.py - WMCDL(World Map Chart Data List) - Success
INFO, 2023-04-20 11:53:42,960, dashboard_function.py - memoryMoreDataList - Success
INFO, 2023-04-20 12:03:44,382, dashboard_function.py - os_pieChartData - Success
INFO, 2023-04-20 12:03:44,464, dashboard_function.py - wire_pieChartData - Success
INFO, 2023-04-20 12:03:44,558, dashboard_function.py - virtual_pieChartData - Success
INFO, 2023-04-20 12:03:44,639, dashboard_function.py - server_BChartDataList - Success
INFO, 2023-04-20 12:03:44,753, dashboard_function.py - service_donutChartData - Success
INFO, 2023-04-20 12:03:44,841, dashboard_function.py - ResourceDiskChartDataList - Success
INFO, 2023-04-20 12:03:44,932, dashboard_function.py - ResourceRemChartDataList - Success
INFO, 2023-04-20 12:03:45,021, dashboard_function.py - alarmData - Success
INFO, 2023-04-20 12:03:45,117, dashboard_function.py - server_LChartDataList - Success
INFO, 2023-04-20 12:03:45,211, dashboard_function.py - vendorChartList - Success
INFO, 2023-04-20 12:03:45,303, dashboard_function.py - alarm_donutChartData - Success
INFO, 2023-04-20 12:03:45,481, dashboard_function.py - BNChartDataList - Success
INFO, 2023-04-20 12:03:45,483, dashboard_function.py - WMCDL(World Map Chart Data List) - Success
INFO, 2023-04-20 12:03:45,658, dashboard_function.py - memoryMoreDataList - Success
INFO, 2023-04-20 12:13:46,360, dashboard_function.py - os_pieChartData - Success
INFO, 2023-04-20 12:13:46,447, dashboard_function.py - wire_pieChartData - Success
INFO, 2023-04-20 12:13:46,531, dashboard_function.py - virtual_pieChartData - Success
INFO, 2023-04-20 12:13:46,620, dashboard_function.py - server_BChartDataList - Success
INFO, 2023-04-20 12:13:46,731, dashboard_function.py - service_donutChartData - Success
INFO, 2023-04-20 12:13:46,816, dashboard_function.py - ResourceDiskChartDataList - Success
INFO, 2023-04-20 12:13:46,904, dashboard_function.py - ResourceRemChartDataList - Success
INFO, 2023-04-20 12:13:46,988, dashboard_function.py - alarmData - Success
INFO, 2023-04-20 12:13:47,076, dashboard_function.py - server_LChartDataList - Success
INFO, 2023-04-20 12:13:47,155, dashboard_function.py - vendorChartList - Success
INFO, 2023-04-20 12:13:47,234, dashboard_function.py - alarm_donutChartData - Success
INFO, 2023-04-20 12:13:47,408, dashboard_function.py - BNChartDataList - Success
INFO, 2023-04-20 12:13:47,408, dashboard_function.py - WMCDL(World Map Chart Data List) - Success
INFO, 2023-04-20 12:13:47,579, dashboard_function.py - memoryMoreDataList - Success
INFO, 2023-04-20 12:23:48,363, dashboard_function.py - os_pieChartData - Success
INFO, 2023-04-20 12:23:48,447, dashboard_function.py - wire_pieChartData - Success
INFO, 2023-04-20 12:23:48,530, dashboard_function.py - virtual_pieChartData - Success
INFO, 2023-04-20 12:23:48,618, dashboard_function.py - server_BChartDataList - Success
INFO, 2023-04-20 12:23:48,741, dashboard_function.py - service_donutChartData - Success
INFO, 2023-04-20 12:23:48,847, dashboard_function.py - ResourceDiskChartDataList - Success
INFO, 2023-04-20 12:23:48,936, dashboard_function.py - ResourceRemChartDataList - Success
INFO, 2023-04-20 12:23:49,024, dashboard_function.py - alarmData - Success
INFO, 2023-04-20 12:23:49,118, dashboard_function.py - server_LChartDataList - Success
INFO, 2023-04-20 12:23:49,241, dashboard_function.py - vendorChartList - Success
INFO, 2023-04-20 12:23:49,355, dashboard_function.py - alarm_donutChartData - Success
INFO, 2023-04-20 12:23:49,567, dashboard_function.py - BNChartDataList - Success
INFO, 2023-04-20 12:23:49,567, dashboard_function.py - WMCDL(World Map Chart Data List) - Success
INFO, 2023-04-20 12:23:49,798, dashboard_function.py - memoryMoreDataList - Success
INFO, 2023-04-20 12:33:50,420, dashboard_function.py - os_pieChartData - Success
INFO, 2023-04-20 12:33:50,550, dashboard_function.py - wire_pieChartData - Success
INFO, 2023-04-20 12:33:50,683, dashboard_function.py - virtual_pieChartData - Success
INFO, 2023-04-20 12:33:50,813, dashboard_function.py - server_BChartDataList - Success
INFO, 2023-04-20 12:33:50,981, dashboard_function.py - service_donutChartData - Success
INFO, 2023-04-20 12:33:51,095, dashboard_function.py - ResourceDiskChartDataList - Success
INFO, 2023-04-20 12:33:51,199, dashboard_function.py - ResourceRemChartDataList - Success
INFO, 2023-04-20 12:33:51,303, dashboard_function.py - alarmData - Success
INFO, 2023-04-20 12:33:51,407, dashboard_function.py - server_LChartDataList - Success
INFO, 2023-04-20 12:33:51,514, dashboard_function.py - vendorChartList - Success
INFO, 2023-04-20 12:33:51,628, dashboard_function.py - alarm_donutChartData - Success
INFO, 2023-04-20 12:33:51,844, dashboard_function.py - BNChartDataList - Success
INFO, 2023-04-20 12:33:51,845, dashboard_function.py - WMCDL(World Map Chart Data List) - Success
INFO, 2023-04-20 12:33:52,074, dashboard_function.py - memoryMoreDataList - Success
INFO, 2023-04-20 12:43:53,378, dashboard_function.py - os_pieChartData - Success
INFO, 2023-04-20 12:43:53,484, dashboard_function.py - wire_pieChartData - Success
INFO, 2023-04-20 12:43:53,595, dashboard_function.py - virtual_pieChartData - Success
INFO, 2023-04-20 12:43:53,704, dashboard_function.py - server_BChartDataList - Success
INFO, 2023-04-20 12:43:53,855, dashboard_function.py - service_donutChartData - Success
INFO, 2023-04-20 12:43:53,960, dashboard_function.py - ResourceDiskChartDataList - Success
INFO, 2023-04-20 12:43:54,061, dashboard_function.py - ResourceRemChartDataList - Success
INFO, 2023-04-20 12:43:54,158, dashboard_function.py - alarmData - Success
INFO, 2023-04-20 12:43:54,253, dashboard_function.py - server_LChartDataList - Success
INFO, 2023-04-20 12:43:54,360, dashboard_function.py - vendorChartList - Success
INFO, 2023-04-20 12:43:54,457, dashboard_function.py - alarm_donutChartData - Success
INFO, 2023-04-20 12:43:54,676, dashboard_function.py - BNChartDataList - Success
INFO, 2023-04-20 12:43:54,677, dashboard_function.py - WMCDL(World Map Chart Data List) - Success
INFO, 2023-04-20 12:43:55,006, dashboard_function.py - memoryMoreDataList - Success
INFO, 2023-04-20 12:53:56,351, dashboard_function.py - os_pieChartData - Success
INFO, 2023-04-20 12:53:56,436, dashboard_function.py - wire_pieChartData - Success
INFO, 2023-04-20 12:53:56,528, dashboard_function.py - virtual_pieChartData - Success
INFO, 2023-04-20 12:53:56,624, dashboard_function.py - server_BChartDataList - Success
INFO, 2023-04-20 12:53:56,745, dashboard_function.py - service_donutChartData - Success
INFO, 2023-04-20 12:53:56,828, dashboard_function.py - ResourceDiskChartDataList - Success
INFO, 2023-04-20 12:53:56,918, dashboard_function.py - ResourceRemChartDataList - Success
INFO, 2023-04-20 12:53:57,021, dashboard_function.py - alarmData - Success
INFO, 2023-04-20 12:53:57,107, dashboard_function.py - server_LChartDataList - Success
INFO, 2023-04-20 12:53:57,198, dashboard_function.py - vendorChartList - Success
INFO, 2023-04-20 12:53:57,286, dashboard_function.py - alarm_donutChartData - Success
INFO, 2023-04-20 12:53:57,501, dashboard_function.py - BNChartDataList - Success
INFO, 2023-04-20 12:53:57,502, dashboard_function.py - WMCDL(World Map Chart Data List) - Success
INFO, 2023-04-20 12:53:57,710, dashboard_function.py - memoryMoreDataList - Success
INFO, 2023-04-20 13:03:58,256, dashboard_function.py - os_pieChartData - Success
INFO, 2023-04-20 13:03:58,351, dashboard_function.py - wire_pieChartData - Success
INFO, 2023-04-20 13:03:58,463, dashboard_function.py - virtual_pieChartData - Success
INFO, 2023-04-20 13:03:58,582, dashboard_function.py - server_BChartDataList - Success
INFO, 2023-04-20 13:03:58,710, dashboard_function.py - service_donutChartData - Success
INFO, 2023-04-20 13:03:58,812, dashboard_function.py - ResourceDiskChartDataList - Success
INFO, 2023-04-20 13:03:58,910, dashboard_function.py - ResourceRemChartDataList - Success
INFO, 2023-04-20 13:03:59,010, dashboard_function.py - alarmData - Success
INFO, 2023-04-20 13:03:59,095, dashboard_function.py - server_LChartDataList - Success
INFO, 2023-04-20 13:03:59,174, dashboard_function.py - vendorChartList - Success
INFO, 2023-04-20 13:03:59,254, dashboard_function.py - alarm_donutChartData - Success
INFO, 2023-04-20 13:03:59,431, dashboard_function.py - BNChartDataList - Success
INFO, 2023-04-20 13:03:59,431, dashboard_function.py - WMCDL(World Map Chart Data List) - Success
INFO, 2023-04-20 13:03:59,723, dashboard_function.py - memoryMoreDataList - Success
