INFO, 2023-04-18 10:04:20,772, Run Started
INFO, 2023-04-18 10:04:22,753, Run Started
INFO, 2023-04-18 10:04:23,654, Watching for file changes with StatReloader
INFO, 2023-04-18 10:04:56,487, dashboard_function.py - os_pieChartData - Success
INFO, 2023-04-18 10:04:56,715, dashboard_function.py - wire_pieChartData - Success
INFO, 2023-04-18 10:04:57,000, dashboard_function.py - virtual_pieChartData - Success
INFO, 2023-04-18 10:04:57,364, dashboard_function.py - server_BChartDataList - Success
INFO, 2023-04-18 10:04:59,024, dashboard_function.py - service_donutChartData - Success
INFO, 2023-04-18 10:04:59,447, dashboard_function.py - ResourceDiskChartDataList - Success
INFO, 2023-04-18 10:05:00,063, dashboard_function.py - ResourceRemChartDataList - Success
INFO, 2023-04-18 10:05:00,458, dashboard_function.py - alarmData - Success
INFO, 2023-04-18 10:05:00,962, dashboard_function.py - server_LChartDataList - Success
INFO, 2023-04-18 10:05:01,331, dashboard_function.py - vendorChartList - Success
INFO, 2023-04-18 10:05:01,682, dashboard_function.py - alarm_donutChartData - Success
INFO, 2023-04-18 10:05:02,440, dashboard_function.py - BNChartDataList - Success
INFO, 2023-04-18 10:05:02,442, dashboard_function.py - WMCDL(World Map Chart Data List) - Success
INFO, 2023-04-18 10:05:03,311, dashboard_function.py - memoryMoreDataList - Success
INFO, 2023-04-18 10:06:54,499, C:\X-FACTOR\X-Factor_OM\common\views.py changed, reloading.
INFO, 2023-04-18 10:06:54,903, Run Started
INFO, 2023-04-18 10:06:56,231, Watching for file changes with StatReloader
INFO, 2023-04-18 10:15:04,724, dashboard_function.py - os_pieChartData - Success
INFO, 2023-04-18 10:15:04,907, dashboard_function.py - wire_pieChartData - Success
INFO, 2023-04-18 10:15:05,100, dashboard_function.py - virtual_pieChartData - Success
INFO, 2023-04-18 10:15:05,367, dashboard_function.py - server_BChartDataList - Success
INFO, 2023-04-18 10:15:06,594, dashboard_function.py - service_donutChartData - Success
INFO, 2023-04-18 10:15:06,827, dashboard_function.py - ResourceDiskChartDataList - Success
INFO, 2023-04-18 10:15:07,061, dashboard_function.py - ResourceRemChartDataList - Success
INFO, 2023-04-18 10:15:07,243, dashboard_function.py - alarmData - Success
INFO, 2023-04-18 10:15:07,416, dashboard_function.py - server_LChartDataList - Success
INFO, 2023-04-18 10:15:07,566, dashboard_function.py - vendorChartList - Success
INFO, 2023-04-18 10:15:07,781, dashboard_function.py - alarm_donutChartData - Success
INFO, 2023-04-18 10:15:08,214, dashboard_function.py - BNChartDataList - Success
INFO, 2023-04-18 10:15:08,215, dashboard_function.py - WMCDL(World Map Chart Data List) - Success
INFO, 2023-04-18 10:15:08,552, dashboard_function.py - memoryMoreDataList - Success
INFO, 2023-04-18 10:25:09,625, dashboard_function.py - os_pieChartData - Success
INFO, 2023-04-18 10:25:09,709, dashboard_function.py - wire_pieChartData - Success
INFO, 2023-04-18 10:25:09,792, dashboard_function.py - virtual_pieChartData - Success
INFO, 2023-04-18 10:25:09,876, dashboard_function.py - server_BChartDataList - Success
INFO, 2023-04-18 10:25:09,986, dashboard_function.py - service_donutChartData - Success
INFO, 2023-04-18 10:25:10,080, dashboard_function.py - ResourceDiskChartDataList - Success
INFO, 2023-04-18 10:25:10,173, dashboard_function.py - ResourceRemChartDataList - Success
INFO, 2023-04-18 10:25:10,265, dashboard_function.py - alarmData - Success
INFO, 2023-04-18 10:25:10,362, dashboard_function.py - server_LChartDataList - Success
INFO, 2023-04-18 10:25:10,457, dashboard_function.py - vendorChartList - Success
INFO, 2023-04-18 10:25:10,540, dashboard_function.py - alarm_donutChartData - Success
INFO, 2023-04-18 10:25:10,749, dashboard_function.py - BNChartDataList - Success
INFO, 2023-04-18 10:25:10,750, dashboard_function.py - WMCDL(World Map Chart Data List) - Success
INFO, 2023-04-18 10:25:10,946, dashboard_function.py - memoryMoreDataList - Success
INFO, 2023-04-18 10:35:11,693, dashboard_function.py - os_pieChartData - Success
INFO, 2023-04-18 10:35:11,829, dashboard_function.py - wire_pieChartData - Success
INFO, 2023-04-18 10:35:11,956, dashboard_function.py - virtual_pieChartData - Success
INFO, 2023-04-18 10:35:12,137, dashboard_function.py - server_BChartDataList - Success
INFO, 2023-04-18 10:35:12,340, dashboard_function.py - service_donutChartData - Success
INFO, 2023-04-18 10:35:12,468, dashboard_function.py - ResourceDiskChartDataList - Success
INFO, 2023-04-18 10:35:12,592, dashboard_function.py - ResourceRemChartDataList - Success
INFO, 2023-04-18 10:35:12,694, dashboard_function.py - alarmData - Success
INFO, 2023-04-18 10:35:12,816, dashboard_function.py - server_LChartDataList - Success
INFO, 2023-04-18 10:35:12,927, dashboard_function.py - vendorChartList - Success
INFO, 2023-04-18 10:35:13,029, dashboard_function.py - alarm_donutChartData - Success
INFO, 2023-04-18 10:35:13,242, dashboard_function.py - BNChartDataList - Success
INFO, 2023-04-18 10:35:13,243, dashboard_function.py - WMCDL(World Map Chart Data List) - Success
INFO, 2023-04-18 10:35:13,481, dashboard_function.py - memoryMoreDataList - Success
INFO, 2023-04-18 10:45:13,999, dashboard_function.py - os_pieChartData - Success
INFO, 2023-04-18 10:45:14,083, dashboard_function.py - wire_pieChartData - Success
INFO, 2023-04-18 10:45:14,177, dashboard_function.py - virtual_pieChartData - Success
INFO, 2023-04-18 10:45:14,261, dashboard_function.py - server_BChartDataList - Success
INFO, 2023-04-18 10:45:14,372, dashboard_function.py - service_donutChartData - Success
INFO, 2023-04-18 10:45:14,459, dashboard_function.py - ResourceDiskChartDataList - Success
INFO, 2023-04-18 10:45:14,542, dashboard_function.py - ResourceRemChartDataList - Success
INFO, 2023-04-18 10:45:14,627, dashboard_function.py - alarmData - Success
INFO, 2023-04-18 10:45:14,717, dashboard_function.py - server_LChartDataList - Success
INFO, 2023-04-18 10:45:14,796, dashboard_function.py - vendorChartList - Success
INFO, 2023-04-18 10:45:14,874, dashboard_function.py - alarm_donutChartData - Success
INFO, 2023-04-18 10:45:15,055, dashboard_function.py - BNChartDataList - Success
INFO, 2023-04-18 10:45:15,056, dashboard_function.py - WMCDL(World Map Chart Data List) - Success
INFO, 2023-04-18 10:45:15,219, dashboard_function.py - memoryMoreDataList - Success
INFO, 2023-04-18 10:55:16,669, dashboard_function.py - os_pieChartData - Success
INFO, 2023-04-18 10:55:16,802, dashboard_function.py - wire_pieChartData - Success
INFO, 2023-04-18 10:55:16,928, dashboard_function.py - virtual_pieChartData - Success
INFO, 2023-04-18 10:55:17,064, dashboard_function.py - server_BChartDataList - Success
INFO, 2023-04-18 10:55:17,266, dashboard_function.py - service_donutChartData - Success
INFO, 2023-04-18 10:55:17,405, dashboard_function.py - ResourceDiskChartDataList - Success
INFO, 2023-04-18 10:55:17,523, dashboard_function.py - ResourceRemChartDataList - Success
INFO, 2023-04-18 10:55:17,656, dashboard_function.py - alarmData - Success
INFO, 2023-04-18 10:55:17,807, dashboard_function.py - server_LChartDataList - Success
INFO, 2023-04-18 10:55:17,947, dashboard_function.py - vendorChartList - Success
INFO, 2023-04-18 10:55:18,084, dashboard_function.py - alarm_donutChartData - Success
INFO, 2023-04-18 10:55:18,394, dashboard_function.py - BNChartDataList - Success
INFO, 2023-04-18 10:55:18,394, dashboard_function.py - WMCDL(World Map Chart Data List) - Success
INFO, 2023-04-18 10:55:18,707, dashboard_function.py - memoryMoreDataList - Success
INFO, 2023-04-18 11:05:19,663, dashboard_function.py - os_pieChartData - Success
INFO, 2023-04-18 11:05:19,746, dashboard_function.py - wire_pieChartData - Success
INFO, 2023-04-18 11:05:19,825, dashboard_function.py - virtual_pieChartData - Success
INFO, 2023-04-18 11:05:19,906, dashboard_function.py - server_BChartDataList - Success
INFO, 2023-04-18 11:05:20,023, dashboard_function.py - service_donutChartData - Success
INFO, 2023-04-18 11:05:20,104, dashboard_function.py - ResourceDiskChartDataList - Success
INFO, 2023-04-18 11:05:20,187, dashboard_function.py - ResourceRemChartDataList - Success
INFO, 2023-04-18 11:05:20,279, dashboard_function.py - alarmData - Success
INFO, 2023-04-18 11:05:20,385, dashboard_function.py - server_LChartDataList - Success
INFO, 2023-04-18 11:05:20,478, dashboard_function.py - vendorChartList - Success
INFO, 2023-04-18 11:05:20,577, dashboard_function.py - alarm_donutChartData - Success
INFO, 2023-04-18 11:05:20,773, dashboard_function.py - BNChartDataList - Success
INFO, 2023-04-18 11:05:20,773, dashboard_function.py - WMCDL(World Map Chart Data List) - Success
INFO, 2023-04-18 11:05:20,973, dashboard_function.py - memoryMoreDataList - Success
INFO, 2023-04-18 11:15:21,702, dashboard_function.py - os_pieChartData - Success
INFO, 2023-04-18 11:15:21,851, dashboard_function.py - wire_pieChartData - Success
INFO, 2023-04-18 11:15:21,993, dashboard_function.py - virtual_pieChartData - Success
INFO, 2023-04-18 11:15:22,145, dashboard_function.py - server_BChartDataList - Success
INFO, 2023-04-18 11:15:22,390, dashboard_function.py - service_donutChartData - Success
INFO, 2023-04-18 11:15:22,548, dashboard_function.py - ResourceDiskChartDataList - Success
INFO, 2023-04-18 11:15:22,732, dashboard_function.py - ResourceRemChartDataList - Success
INFO, 2023-04-18 11:15:22,907, dashboard_function.py - alarmData - Success
INFO, 2023-04-18 11:15:23,056, dashboard_function.py - server_LChartDataList - Success
INFO, 2023-04-18 11:15:23,200, dashboard_function.py - vendorChartList - Success
INFO, 2023-04-18 11:15:23,365, dashboard_function.py - alarm_donutChartData - Success
INFO, 2023-04-18 11:15:23,725, dashboard_function.py - BNChartDataList - Success
INFO, 2023-04-18 11:15:23,725, dashboard_function.py - WMCDL(World Map Chart Data List) - Success
INFO, 2023-04-18 11:15:24,135, dashboard_function.py - memoryMoreDataList - Success
INFO, 2023-04-18 11:25:25,703, dashboard_function.py - os_pieChartData - Success
INFO, 2023-04-18 11:25:25,853, dashboard_function.py - wire_pieChartData - Success
INFO, 2023-04-18 11:25:25,995, dashboard_function.py - virtual_pieChartData - Success
INFO, 2023-04-18 11:25:26,136, dashboard_function.py - server_BChartDataList - Success
INFO, 2023-04-18 11:25:26,278, dashboard_function.py - service_donutChartData - Success
INFO, 2023-04-18 11:25:26,393, dashboard_function.py - ResourceDiskChartDataList - Success
INFO, 2023-04-18 11:25:26,505, dashboard_function.py - ResourceRemChartDataList - Success
INFO, 2023-04-18 11:25:26,619, dashboard_function.py - alarmData - Success
INFO, 2023-04-18 11:25:26,744, dashboard_function.py - server_LChartDataList - Success
INFO, 2023-04-18 11:25:26,873, dashboard_function.py - vendorChartList - Success
INFO, 2023-04-18 11:25:26,997, dashboard_function.py - alarm_donutChartData - Success
INFO, 2023-04-18 11:25:27,256, dashboard_function.py - BNChartDataList - Success
INFO, 2023-04-18 11:25:27,257, dashboard_function.py - WMCDL(World Map Chart Data List) - Success
INFO, 2023-04-18 11:25:27,499, dashboard_function.py - memoryMoreDataList - Success
INFO, 2023-04-18 11:35:28,662, dashboard_function.py - os_pieChartData - Success
INFO, 2023-04-18 11:35:28,757, dashboard_function.py - wire_pieChartData - Success
INFO, 2023-04-18 11:35:28,854, dashboard_function.py - virtual_pieChartData - Success
INFO, 2023-04-18 11:35:28,964, dashboard_function.py - server_BChartDataList - Success
INFO, 2023-04-18 11:35:29,099, dashboard_function.py - service_donutChartData - Success
INFO, 2023-04-18 11:35:29,197, dashboard_function.py - ResourceDiskChartDataList - Success
INFO, 2023-04-18 11:35:29,292, dashboard_function.py - ResourceRemChartDataList - Success
INFO, 2023-04-18 11:35:29,380, dashboard_function.py - alarmData - Success
INFO, 2023-04-18 11:35:29,460, dashboard_function.py - server_LChartDataList - Success
INFO, 2023-04-18 11:35:29,545, dashboard_function.py - vendorChartList - Success
INFO, 2023-04-18 11:35:29,639, dashboard_function.py - alarm_donutChartData - Success
INFO, 2023-04-18 11:35:29,811, dashboard_function.py - BNChartDataList - Success
INFO, 2023-04-18 11:35:29,812, dashboard_function.py - WMCDL(World Map Chart Data List) - Success
INFO, 2023-04-18 11:35:29,982, dashboard_function.py - memoryMoreDataList - Success
INFO, 2023-04-18 11:45:30,643, dashboard_function.py - os_pieChartData - Success
INFO, 2023-04-18 11:45:30,722, dashboard_function.py - wire_pieChartData - Success
INFO, 2023-04-18 11:45:30,804, dashboard_function.py - virtual_pieChartData - Success
INFO, 2023-04-18 11:45:30,893, dashboard_function.py - server_BChartDataList - Success
INFO, 2023-04-18 11:45:31,010, dashboard_function.py - service_donutChartData - Success
INFO, 2023-04-18 11:45:31,096, dashboard_function.py - ResourceDiskChartDataList - Success
INFO, 2023-04-18 11:45:31,174, dashboard_function.py - ResourceRemChartDataList - Success
INFO, 2023-04-18 11:45:31,256, dashboard_function.py - alarmData - Success
INFO, 2023-04-18 11:45:31,340, dashboard_function.py - server_LChartDataList - Success
INFO, 2023-04-18 11:45:31,420, dashboard_function.py - vendorChartList - Success
INFO, 2023-04-18 11:45:31,503, dashboard_function.py - alarm_donutChartData - Success
INFO, 2023-04-18 11:45:31,686, dashboard_function.py - BNChartDataList - Success
INFO, 2023-04-18 11:45:31,687, dashboard_function.py - WMCDL(World Map Chart Data List) - Success
INFO, 2023-04-18 11:45:31,858, dashboard_function.py - memoryMoreDataList - Success
INFO, 2023-04-18 11:55:32,642, dashboard_function.py - os_pieChartData - Success
INFO, 2023-04-18 11:55:32,726, dashboard_function.py - wire_pieChartData - Success
INFO, 2023-04-18 11:55:32,821, dashboard_function.py - virtual_pieChartData - Success
INFO, 2023-04-18 11:55:32,914, dashboard_function.py - server_BChartDataList - Success
INFO, 2023-04-18 11:55:33,044, dashboard_function.py - service_donutChartData - Success
INFO, 2023-04-18 11:55:33,158, dashboard_function.py - ResourceDiskChartDataList - Success
INFO, 2023-04-18 11:55:33,263, dashboard_function.py - ResourceRemChartDataList - Success
INFO, 2023-04-18 11:55:33,363, dashboard_function.py - alarmData - Success
INFO, 2023-04-18 11:55:33,466, dashboard_function.py - server_LChartDataList - Success
INFO, 2023-04-18 11:55:33,566, dashboard_function.py - vendorChartList - Success
INFO, 2023-04-18 11:55:33,664, dashboard_function.py - alarm_donutChartData - Success
INFO, 2023-04-18 11:55:33,860, dashboard_function.py - BNChartDataList - Success
INFO, 2023-04-18 11:55:33,861, dashboard_function.py - WMCDL(World Map Chart Data List) - Success
INFO, 2023-04-18 11:55:34,043, dashboard_function.py - memoryMoreDataList - Success
INFO, 2023-04-18 12:05:34,653, dashboard_function.py - os_pieChartData - Success
INFO, 2023-04-18 12:05:34,768, dashboard_function.py - wire_pieChartData - Success
INFO, 2023-04-18 12:05:34,875, dashboard_function.py - virtual_pieChartData - Success
INFO, 2023-04-18 12:05:34,982, dashboard_function.py - server_BChartDataList - Success
INFO, 2023-04-18 12:05:35,159, dashboard_function.py - service_donutChartData - Success
INFO, 2023-04-18 12:05:35,259, dashboard_function.py - ResourceDiskChartDataList - Success
INFO, 2023-04-18 12:05:35,365, dashboard_function.py - ResourceRemChartDataList - Success
INFO, 2023-04-18 12:05:35,470, dashboard_function.py - alarmData - Success
INFO, 2023-04-18 12:05:35,581, dashboard_function.py - server_LChartDataList - Success
INFO, 2023-04-18 12:05:35,698, dashboard_function.py - vendorChartList - Success
INFO, 2023-04-18 12:05:35,799, dashboard_function.py - alarm_donutChartData - Success
INFO, 2023-04-18 12:05:36,047, dashboard_function.py - BNChartDataList - Success
INFO, 2023-04-18 12:05:36,048, dashboard_function.py - WMCDL(World Map Chart Data List) - Success
INFO, 2023-04-18 12:05:36,272, dashboard_function.py - memoryMoreDataList - Success
INFO, 2023-04-18 12:15:37,655, dashboard_function.py - os_pieChartData - Success
INFO, 2023-04-18 12:15:37,738, dashboard_function.py - wire_pieChartData - Success
INFO, 2023-04-18 12:15:37,833, dashboard_function.py - virtual_pieChartData - Success
INFO, 2023-04-18 12:15:37,913, dashboard_function.py - server_BChartDataList - Success
INFO, 2023-04-18 12:15:38,023, dashboard_function.py - service_donutChartData - Success
INFO, 2023-04-18 12:15:38,111, dashboard_function.py - ResourceDiskChartDataList - Success
INFO, 2023-04-18 12:15:38,314, dashboard_function.py - ResourceRemChartDataList - Success
INFO, 2023-04-18 12:15:38,399, dashboard_function.py - alarmData - Success
INFO, 2023-04-18 12:15:38,483, dashboard_function.py - server_LChartDataList - Success
INFO, 2023-04-18 12:15:38,567, dashboard_function.py - vendorChartList - Success
INFO, 2023-04-18 12:15:38,654, dashboard_function.py - alarm_donutChartData - Success
INFO, 2023-04-18 12:15:38,826, dashboard_function.py - BNChartDataList - Success
INFO, 2023-04-18 12:15:38,826, dashboard_function.py - WMCDL(World Map Chart Data List) - Success
INFO, 2023-04-18 12:15:38,991, dashboard_function.py - memoryMoreDataList - Success
INFO, 2023-04-18 12:25:39,647, dashboard_function.py - os_pieChartData - Success
INFO, 2023-04-18 12:25:39,735, dashboard_function.py - wire_pieChartData - Success
INFO, 2023-04-18 12:25:39,830, dashboard_function.py - virtual_pieChartData - Success
INFO, 2023-04-18 12:25:39,911, dashboard_function.py - server_BChartDataList - Success
INFO, 2023-04-18 12:25:40,025, dashboard_function.py - service_donutChartData - Success
INFO, 2023-04-18 12:25:40,108, dashboard_function.py - ResourceDiskChartDataList - Success
INFO, 2023-04-18 12:25:40,200, dashboard_function.py - ResourceRemChartDataList - Success
INFO, 2023-04-18 12:25:40,290, dashboard_function.py - alarmData - Success
INFO, 2023-04-18 12:25:40,378, dashboard_function.py - server_LChartDataList - Success
INFO, 2023-04-18 12:25:40,460, dashboard_function.py - vendorChartList - Success
INFO, 2023-04-18 12:25:40,547, dashboard_function.py - alarm_donutChartData - Success
INFO, 2023-04-18 12:25:40,715, dashboard_function.py - BNChartDataList - Success
INFO, 2023-04-18 12:25:40,715, dashboard_function.py - WMCDL(World Map Chart Data List) - Success
INFO, 2023-04-18 12:25:40,901, dashboard_function.py - memoryMoreDataList - Success
INFO, 2023-04-18 12:35:41,687, dashboard_function.py - os_pieChartData - Success
INFO, 2023-04-18 12:35:41,826, dashboard_function.py - wire_pieChartData - Success
INFO, 2023-04-18 12:35:41,944, dashboard_function.py - virtual_pieChartData - Success
INFO, 2023-04-18 12:35:42,063, dashboard_function.py - server_BChartDataList - Success
INFO, 2023-04-18 12:35:42,211, dashboard_function.py - service_donutChartData - Success
INFO, 2023-04-18 12:35:42,326, dashboard_function.py - ResourceDiskChartDataList - Success
INFO, 2023-04-18 12:35:42,438, dashboard_function.py - ResourceRemChartDataList - Success
INFO, 2023-04-18 12:35:42,547, dashboard_function.py - alarmData - Success
INFO, 2023-04-18 12:35:42,668, dashboard_function.py - server_LChartDataList - Success
INFO, 2023-04-18 12:35:42,780, dashboard_function.py - vendorChartList - Success
INFO, 2023-04-18 12:35:42,894, dashboard_function.py - alarm_donutChartData - Success
INFO, 2023-04-18 12:35:43,235, dashboard_function.py - BNChartDataList - Success
INFO, 2023-04-18 12:35:43,237, dashboard_function.py - WMCDL(World Map Chart Data List) - Success
INFO, 2023-04-18 12:35:43,531, dashboard_function.py - memoryMoreDataList - Success
INFO, 2023-04-18 12:45:44,640, dashboard_function.py - os_pieChartData - Success
INFO, 2023-04-18 12:45:44,726, dashboard_function.py - wire_pieChartData - Success
INFO, 2023-04-18 12:45:44,819, dashboard_function.py - virtual_pieChartData - Success
INFO, 2023-04-18 12:45:44,914, dashboard_function.py - server_BChartDataList - Success
INFO, 2023-04-18 12:45:45,036, dashboard_function.py - service_donutChartData - Success
INFO, 2023-04-18 12:45:45,138, dashboard_function.py - ResourceDiskChartDataList - Success
INFO, 2023-04-18 12:45:45,228, dashboard_function.py - ResourceRemChartDataList - Success
INFO, 2023-04-18 12:45:45,323, dashboard_function.py - alarmData - Success
INFO, 2023-04-18 12:45:45,410, dashboard_function.py - server_LChartDataList - Success
INFO, 2023-04-18 12:45:45,499, dashboard_function.py - vendorChartList - Success
INFO, 2023-04-18 12:45:45,599, dashboard_function.py - alarm_donutChartData - Success
INFO, 2023-04-18 12:45:45,782, dashboard_function.py - BNChartDataList - Success
INFO, 2023-04-18 12:45:45,782, dashboard_function.py - WMCDL(World Map Chart Data List) - Success
INFO, 2023-04-18 12:45:45,968, dashboard_function.py - memoryMoreDataList - Success
INFO, 2023-04-18 12:55:46,649, dashboard_function.py - os_pieChartData - Success
INFO, 2023-04-18 12:55:46,740, dashboard_function.py - wire_pieChartData - Success
INFO, 2023-04-18 12:55:46,819, dashboard_function.py - virtual_pieChartData - Success
INFO, 2023-04-18 12:55:46,899, dashboard_function.py - server_BChartDataList - Success
INFO, 2023-04-18 12:55:47,020, dashboard_function.py - service_donutChartData - Success
INFO, 2023-04-18 12:55:47,112, dashboard_function.py - ResourceDiskChartDataList - Success
INFO, 2023-04-18 12:55:47,199, dashboard_function.py - ResourceRemChartDataList - Success
INFO, 2023-04-18 12:55:47,279, dashboard_function.py - alarmData - Success
INFO, 2023-04-18 12:55:47,374, dashboard_function.py - server_LChartDataList - Success
INFO, 2023-04-18 12:55:47,458, dashboard_function.py - vendorChartList - Success
INFO, 2023-04-18 12:55:47,544, dashboard_function.py - alarm_donutChartData - Success
INFO, 2023-04-18 12:55:47,710, dashboard_function.py - BNChartDataList - Success
INFO, 2023-04-18 12:55:47,711, dashboard_function.py - WMCDL(World Map Chart Data List) - Success
INFO, 2023-04-18 12:55:47,876, dashboard_function.py - memoryMoreDataList - Success
INFO, 2023-04-18 13:05:48,461, dashboard_function.py - os_pieChartData - Success
INFO, 2023-04-18 13:05:48,587, dashboard_function.py - wire_pieChartData - Success
INFO, 2023-04-18 13:05:48,725, dashboard_function.py - virtual_pieChartData - Success
INFO, 2023-04-18 13:05:48,875, dashboard_function.py - server_BChartDataList - Success
INFO, 2023-04-18 13:05:49,060, dashboard_function.py - service_donutChartData - Success
INFO, 2023-04-18 13:05:49,182, dashboard_function.py - ResourceDiskChartDataList - Success
INFO, 2023-04-18 13:05:49,302, dashboard_function.py - ResourceRemChartDataList - Success
INFO, 2023-04-18 13:05:49,416, dashboard_function.py - alarmData - Success
INFO, 2023-04-18 13:05:49,585, dashboard_function.py - server_LChartDataList - Success
INFO, 2023-04-18 13:05:49,754, dashboard_function.py - vendorChartList - Success
INFO, 2023-04-18 13:05:49,904, dashboard_function.py - alarm_donutChartData - Success
INFO, 2023-04-18 13:05:50,262, dashboard_function.py - BNChartDataList - Success
INFO, 2023-04-18 13:05:50,262, dashboard_function.py - WMCDL(World Map Chart Data List) - Success
INFO, 2023-04-18 13:05:50,628, dashboard_function.py - memoryMoreDataList - Success
INFO, 2023-04-18 13:15:51,636, dashboard_function.py - os_pieChartData - Success
INFO, 2023-04-18 13:15:51,725, dashboard_function.py - wire_pieChartData - Success
INFO, 2023-04-18 13:15:51,825, dashboard_function.py - virtual_pieChartData - Success
INFO, 2023-04-18 13:15:51,927, dashboard_function.py - server_BChartDataList - Success
INFO, 2023-04-18 13:15:52,048, dashboard_function.py - service_donutChartData - Success
INFO, 2023-04-18 13:15:52,140, dashboard_function.py - ResourceDiskChartDataList - Success
INFO, 2023-04-18 13:15:52,235, dashboard_function.py - ResourceRemChartDataList - Success
INFO, 2023-04-18 13:15:52,330, dashboard_function.py - alarmData - Success
INFO, 2023-04-18 13:15:52,428, dashboard_function.py - server_LChartDataList - Success
INFO, 2023-04-18 13:15:52,515, dashboard_function.py - vendorChartList - Success
INFO, 2023-04-18 13:15:52,603, dashboard_function.py - alarm_donutChartData - Success
INFO, 2023-04-18 13:15:52,792, dashboard_function.py - BNChartDataList - Success
INFO, 2023-04-18 13:15:52,792, dashboard_function.py - WMCDL(World Map Chart Data List) - Success
INFO, 2023-04-18 13:15:52,983, dashboard_function.py - memoryMoreDataList - Success
INFO, 2023-04-18 13:25:53,659, dashboard_function.py - os_pieChartData - Success
INFO, 2023-04-18 13:25:53,754, dashboard_function.py - wire_pieChartData - Success
INFO, 2023-04-18 13:25:53,854, dashboard_function.py - virtual_pieChartData - Success
INFO, 2023-04-18 13:25:53,957, dashboard_function.py - server_BChartDataList - Success
INFO, 2023-04-18 13:25:54,101, dashboard_function.py - service_donutChartData - Success
INFO, 2023-04-18 13:25:54,193, dashboard_function.py - ResourceDiskChartDataList - Success
INFO, 2023-04-18 13:25:54,275, dashboard_function.py - ResourceRemChartDataList - Success
INFO, 2023-04-18 13:25:54,364, dashboard_function.py - alarmData - Success
INFO, 2023-04-18 13:25:54,446, dashboard_function.py - server_LChartDataList - Success
INFO, 2023-04-18 13:25:54,542, dashboard_function.py - vendorChartList - Success
INFO, 2023-04-18 13:25:54,621, dashboard_function.py - alarm_donutChartData - Success
INFO, 2023-04-18 13:25:54,801, dashboard_function.py - BNChartDataList - Success
INFO, 2023-04-18 13:25:54,801, dashboard_function.py - WMCDL(World Map Chart Data List) - Success
INFO, 2023-04-18 13:25:54,964, dashboard_function.py - memoryMoreDataList - Success
INFO, 2023-04-18 13:35:55,633, dashboard_function.py - os_pieChartData - Success
INFO, 2023-04-18 13:35:55,717, dashboard_function.py - wire_pieChartData - Success
INFO, 2023-04-18 13:35:55,803, dashboard_function.py - virtual_pieChartData - Success
INFO, 2023-04-18 13:35:55,885, dashboard_function.py - server_BChartDataList - Success
INFO, 2023-04-18 13:35:56,004, dashboard_function.py - service_donutChartData - Success
INFO, 2023-04-18 13:35:56,091, dashboard_function.py - ResourceDiskChartDataList - Success
INFO, 2023-04-18 13:35:56,179, dashboard_function.py - ResourceRemChartDataList - Success
INFO, 2023-04-18 13:35:56,266, dashboard_function.py - alarmData - Success
INFO, 2023-04-18 13:35:56,354, dashboard_function.py - server_LChartDataList - Success
INFO, 2023-04-18 13:35:56,439, dashboard_function.py - vendorChartList - Success
INFO, 2023-04-18 13:35:56,526, dashboard_function.py - alarm_donutChartData - Success
INFO, 2023-04-18 13:35:56,709, dashboard_function.py - BNChartDataList - Success
INFO, 2023-04-18 13:35:56,709, dashboard_function.py - WMCDL(World Map Chart Data List) - Success
INFO, 2023-04-18 13:35:56,981, dashboard_function.py - memoryMoreDataList - Success
INFO, 2023-04-18 13:45:57,628, dashboard_function.py - os_pieChartData - Success
INFO, 2023-04-18 13:45:57,711, dashboard_function.py - wire_pieChartData - Success
INFO, 2023-04-18 13:45:57,808, dashboard_function.py - virtual_pieChartData - Success
INFO, 2023-04-18 13:45:57,905, dashboard_function.py - server_BChartDataList - Success
INFO, 2023-04-18 13:45:58,015, dashboard_function.py - service_donutChartData - Success
INFO, 2023-04-18 13:45:58,098, dashboard_function.py - ResourceDiskChartDataList - Success
INFO, 2023-04-18 13:45:58,180, dashboard_function.py - ResourceRemChartDataList - Success
INFO, 2023-04-18 13:45:58,265, dashboard_function.py - alarmData - Success
INFO, 2023-04-18 13:45:58,350, dashboard_function.py - server_LChartDataList - Success
INFO, 2023-04-18 13:45:58,433, dashboard_function.py - vendorChartList - Success
INFO, 2023-04-18 13:45:58,513, dashboard_function.py - alarm_donutChartData - Success
INFO, 2023-04-18 13:45:58,704, dashboard_function.py - BNChartDataList - Success
INFO, 2023-04-18 13:45:58,705, dashboard_function.py - WMCDL(World Map Chart Data List) - Success
INFO, 2023-04-18 13:45:58,939, dashboard_function.py - memoryMoreDataList - Success
INFO, 2023-04-18 13:55:59,646, dashboard_function.py - os_pieChartData - Success
INFO, 2023-04-18 13:55:59,735, dashboard_function.py - wire_pieChartData - Success
INFO, 2023-04-18 13:55:59,821, dashboard_function.py - virtual_pieChartData - Success
INFO, 2023-04-18 13:55:59,906, dashboard_function.py - server_BChartDataList - Success
INFO, 2023-04-18 13:56:00,028, dashboard_function.py - service_donutChartData - Success
INFO, 2023-04-18 13:56:00,113, dashboard_function.py - ResourceDiskChartDataList - Success
INFO, 2023-04-18 13:56:00,198, dashboard_function.py - ResourceRemChartDataList - Success
INFO, 2023-04-18 13:56:00,278, dashboard_function.py - alarmData - Success
INFO, 2023-04-18 13:56:00,370, dashboard_function.py - server_LChartDataList - Success
INFO, 2023-04-18 13:56:00,456, dashboard_function.py - vendorChartList - Success
INFO, 2023-04-18 13:56:00,543, dashboard_function.py - alarm_donutChartData - Success
INFO, 2023-04-18 13:56:00,713, dashboard_function.py - BNChartDataList - Success
INFO, 2023-04-18 13:56:00,714, dashboard_function.py - WMCDL(World Map Chart Data List) - Success
INFO, 2023-04-18 13:56:00,882, dashboard_function.py - memoryMoreDataList - Success
INFO, 2023-04-18 14:06:01,645, dashboard_function.py - os_pieChartData - Success
INFO, 2023-04-18 14:06:01,732, dashboard_function.py - wire_pieChartData - Success
INFO, 2023-04-18 14:06:01,820, dashboard_function.py - virtual_pieChartData - Success
INFO, 2023-04-18 14:06:01,905, dashboard_function.py - server_BChartDataList - Success
INFO, 2023-04-18 14:06:02,124, dashboard_function.py - service_donutChartData - Success
INFO, 2023-04-18 14:06:02,225, dashboard_function.py - ResourceDiskChartDataList - Success
INFO, 2023-04-18 14:06:02,323, dashboard_function.py - ResourceRemChartDataList - Success
INFO, 2023-04-18 14:06:02,451, dashboard_function.py - alarmData - Success
INFO, 2023-04-18 14:06:02,546, dashboard_function.py - server_LChartDataList - Success
INFO, 2023-04-18 14:06:02,651, dashboard_function.py - vendorChartList - Success
INFO, 2023-04-18 14:06:02,747, dashboard_function.py - alarm_donutChartData - Success
INFO, 2023-04-18 14:06:02,946, dashboard_function.py - BNChartDataList - Success
INFO, 2023-04-18 14:06:02,946, dashboard_function.py - WMCDL(World Map Chart Data List) - Success
INFO, 2023-04-18 14:06:03,223, dashboard_function.py - memoryMoreDataList - Success
INFO, 2023-04-18 14:16:04,656, dashboard_function.py - os_pieChartData - Success
INFO, 2023-04-18 14:16:04,751, dashboard_function.py - wire_pieChartData - Success
INFO, 2023-04-18 14:16:04,851, dashboard_function.py - virtual_pieChartData - Success
INFO, 2023-04-18 14:16:04,944, dashboard_function.py - server_BChartDataList - Success
INFO, 2023-04-18 14:16:05,057, dashboard_function.py - service_donutChartData - Success
INFO, 2023-04-18 14:16:05,146, dashboard_function.py - ResourceDiskChartDataList - Success
INFO, 2023-04-18 14:16:05,230, dashboard_function.py - ResourceRemChartDataList - Success
INFO, 2023-04-18 14:16:05,315, dashboard_function.py - alarmData - Success
INFO, 2023-04-18 14:16:05,401, dashboard_function.py - server_LChartDataList - Success
INFO, 2023-04-18 14:16:05,493, dashboard_function.py - vendorChartList - Success
INFO, 2023-04-18 14:16:05,581, dashboard_function.py - alarm_donutChartData - Success
INFO, 2023-04-18 14:16:05,883, dashboard_function.py - BNChartDataList - Success
INFO, 2023-04-18 14:16:05,884, dashboard_function.py - WMCDL(World Map Chart Data List) - Success
INFO, 2023-04-18 14:16:06,040, dashboard_function.py - memoryMoreDataList - Success
INFO, 2023-04-18 14:26:06,646, dashboard_function.py - os_pieChartData - Success
INFO, 2023-04-18 14:26:06,722, dashboard_function.py - wire_pieChartData - Success
INFO, 2023-04-18 14:26:06,802, dashboard_function.py - virtual_pieChartData - Success
INFO, 2023-04-18 14:26:06,880, dashboard_function.py - server_BChartDataList - Success
INFO, 2023-04-18 14:26:06,983, dashboard_function.py - service_donutChartData - Success
INFO, 2023-04-18 14:26:07,072, dashboard_function.py - ResourceDiskChartDataList - Success
INFO, 2023-04-18 14:26:07,158, dashboard_function.py - ResourceRemChartDataList - Success
INFO, 2023-04-18 14:26:07,340, dashboard_function.py - alarmData - Success
INFO, 2023-04-18 14:26:07,431, dashboard_function.py - server_LChartDataList - Success
INFO, 2023-04-18 14:26:07,526, dashboard_function.py - vendorChartList - Success
INFO, 2023-04-18 14:26:07,609, dashboard_function.py - alarm_donutChartData - Success
INFO, 2023-04-18 14:26:07,790, dashboard_function.py - BNChartDataList - Success
INFO, 2023-04-18 14:26:07,790, dashboard_function.py - WMCDL(World Map Chart Data List) - Success
INFO, 2023-04-18 14:26:07,972, dashboard_function.py - memoryMoreDataList - Success
INFO, 2023-04-18 14:36:08,632, dashboard_function.py - os_pieChartData - Success
INFO, 2023-04-18 14:36:08,709, dashboard_function.py - wire_pieChartData - Success
INFO, 2023-04-18 14:36:08,786, dashboard_function.py - virtual_pieChartData - Success
INFO, 2023-04-18 14:36:08,860, dashboard_function.py - server_BChartDataList - Success
INFO, 2023-04-18 14:36:08,967, dashboard_function.py - service_donutChartData - Success
INFO, 2023-04-18 14:36:09,044, dashboard_function.py - ResourceDiskChartDataList - Success
INFO, 2023-04-18 14:36:09,121, dashboard_function.py - ResourceRemChartDataList - Success
INFO, 2023-04-18 14:36:09,209, dashboard_function.py - alarmData - Success
INFO, 2023-04-18 14:36:09,288, dashboard_function.py - server_LChartDataList - Success
INFO, 2023-04-18 14:36:09,364, dashboard_function.py - vendorChartList - Success
INFO, 2023-04-18 14:36:09,450, dashboard_function.py - alarm_donutChartData - Success
INFO, 2023-04-18 14:36:09,612, dashboard_function.py - BNChartDataList - Success
INFO, 2023-04-18 14:36:09,613, dashboard_function.py - WMCDL(World Map Chart Data List) - Success
INFO, 2023-04-18 14:36:09,774, dashboard_function.py - memoryMoreDataList - Success
INFO, 2023-04-18 14:46:10,638, dashboard_function.py - os_pieChartData - Success
INFO, 2023-04-18 14:46:10,720, dashboard_function.py - wire_pieChartData - Success
INFO, 2023-04-18 14:46:10,806, dashboard_function.py - virtual_pieChartData - Success
INFO, 2023-04-18 14:46:10,890, dashboard_function.py - server_BChartDataList - Success
INFO, 2023-04-18 14:46:11,001, dashboard_function.py - service_donutChartData - Success
INFO, 2023-04-18 14:46:11,090, dashboard_function.py - ResourceDiskChartDataList - Success
INFO, 2023-04-18 14:46:11,177, dashboard_function.py - ResourceRemChartDataList - Success
INFO, 2023-04-18 14:46:11,258, dashboard_function.py - alarmData - Success
INFO, 2023-04-18 14:46:11,339, dashboard_function.py - server_LChartDataList - Success
INFO, 2023-04-18 14:46:11,417, dashboard_function.py - vendorChartList - Success
INFO, 2023-04-18 14:46:11,608, dashboard_function.py - alarm_donutChartData - Success
INFO, 2023-04-18 14:46:11,874, dashboard_function.py - BNChartDataList - Success
INFO, 2023-04-18 14:46:11,875, dashboard_function.py - WMCDL(World Map Chart Data List) - Success
INFO, 2023-04-18 14:46:12,032, dashboard_function.py - memoryMoreDataList - Success
INFO, 2023-04-18 14:56:12,681, dashboard_function.py - os_pieChartData - Success
INFO, 2023-04-18 14:56:12,764, dashboard_function.py - wire_pieChartData - Success
INFO, 2023-04-18 14:56:12,843, dashboard_function.py - virtual_pieChartData - Success
INFO, 2023-04-18 14:56:12,932, dashboard_function.py - server_BChartDataList - Success
INFO, 2023-04-18 14:56:13,075, dashboard_function.py - service_donutChartData - Success
INFO, 2023-04-18 14:56:13,168, dashboard_function.py - ResourceDiskChartDataList - Success
INFO, 2023-04-18 14:56:13,251, dashboard_function.py - ResourceRemChartDataList - Success
INFO, 2023-04-18 14:56:13,339, dashboard_function.py - alarmData - Success
INFO, 2023-04-18 14:56:13,420, dashboard_function.py - server_LChartDataList - Success
INFO, 2023-04-18 14:56:13,499, dashboard_function.py - vendorChartList - Success
INFO, 2023-04-18 14:56:13,579, dashboard_function.py - alarm_donutChartData - Success
INFO, 2023-04-18 14:56:13,770, dashboard_function.py - BNChartDataList - Success
INFO, 2023-04-18 14:56:13,770, dashboard_function.py - WMCDL(World Map Chart Data List) - Success
INFO, 2023-04-18 14:56:13,962, dashboard_function.py - memoryMoreDataList - Success
INFO, 2023-04-18 15:06:14,665, dashboard_function.py - os_pieChartData - Success
INFO, 2023-04-18 15:06:14,800, dashboard_function.py - wire_pieChartData - Success
INFO, 2023-04-18 15:06:14,920, dashboard_function.py - virtual_pieChartData - Success
INFO, 2023-04-18 15:06:15,037, dashboard_function.py - server_BChartDataList - Success
INFO, 2023-04-18 15:06:15,163, dashboard_function.py - service_donutChartData - Success
INFO, 2023-04-18 15:06:15,250, dashboard_function.py - ResourceDiskChartDataList - Success
INFO, 2023-04-18 15:06:15,335, dashboard_function.py - ResourceRemChartDataList - Success
INFO, 2023-04-18 15:06:15,426, dashboard_function.py - alarmData - Success
INFO, 2023-04-18 15:06:15,511, dashboard_function.py - server_LChartDataList - Success
INFO, 2023-04-18 15:06:15,606, dashboard_function.py - vendorChartList - Success
INFO, 2023-04-18 15:06:15,704, dashboard_function.py - alarm_donutChartData - Success
INFO, 2023-04-18 15:06:15,909, dashboard_function.py - BNChartDataList - Success
INFO, 2023-04-18 15:06:15,909, dashboard_function.py - WMCDL(World Map Chart Data List) - Success
INFO, 2023-04-18 15:06:16,098, dashboard_function.py - memoryMoreDataList - Success
INFO, 2023-04-18 15:16:16,638, dashboard_function.py - os_pieChartData - Success
INFO, 2023-04-18 15:16:16,721, dashboard_function.py - wire_pieChartData - Success
INFO, 2023-04-18 15:16:16,824, dashboard_function.py - virtual_pieChartData - Success
INFO, 2023-04-18 15:16:16,931, dashboard_function.py - server_BChartDataList - Success
INFO, 2023-04-18 15:16:17,066, dashboard_function.py - service_donutChartData - Success
INFO, 2023-04-18 15:16:17,149, dashboard_function.py - ResourceDiskChartDataList - Success
INFO, 2023-04-18 15:16:17,234, dashboard_function.py - ResourceRemChartDataList - Success
INFO, 2023-04-18 15:16:17,327, dashboard_function.py - alarmData - Success
INFO, 2023-04-18 15:16:17,430, dashboard_function.py - server_LChartDataList - Success
INFO, 2023-04-18 15:16:17,538, dashboard_function.py - vendorChartList - Success
INFO, 2023-04-18 15:16:17,633, dashboard_function.py - alarm_donutChartData - Success
INFO, 2023-04-18 15:16:17,847, dashboard_function.py - BNChartDataList - Success
INFO, 2023-04-18 15:16:17,847, dashboard_function.py - WMCDL(World Map Chart Data List) - Success
INFO, 2023-04-18 15:16:18,067, dashboard_function.py - memoryMoreDataList - Success
INFO, 2023-04-18 15:26:18,639, dashboard_function.py - os_pieChartData - Success
INFO, 2023-04-18 15:26:18,742, dashboard_function.py - wire_pieChartData - Success
INFO, 2023-04-18 15:26:18,844, dashboard_function.py - virtual_pieChartData - Success
INFO, 2023-04-18 15:26:18,944, dashboard_function.py - server_BChartDataList - Success
INFO, 2023-04-18 15:26:19,121, dashboard_function.py - service_donutChartData - Success
INFO, 2023-04-18 15:26:19,224, dashboard_function.py - ResourceDiskChartDataList - Success
INFO, 2023-04-18 15:26:19,430, dashboard_function.py - ResourceRemChartDataList - Success
INFO, 2023-04-18 15:26:19,523, dashboard_function.py - alarmData - Success
INFO, 2023-04-18 15:26:19,615, dashboard_function.py - server_LChartDataList - Success
INFO, 2023-04-18 15:26:19,715, dashboard_function.py - vendorChartList - Success
INFO, 2023-04-18 15:26:19,823, dashboard_function.py - alarm_donutChartData - Success
INFO, 2023-04-18 15:26:20,027, dashboard_function.py - BNChartDataList - Success
INFO, 2023-04-18 15:26:20,027, dashboard_function.py - WMCDL(World Map Chart Data List) - Success
INFO, 2023-04-18 15:26:20,344, dashboard_function.py - memoryMoreDataList - Success
INFO, 2023-04-18 15:36:21,624, dashboard_function.py - os_pieChartData - Success
INFO, 2023-04-18 15:36:21,706, dashboard_function.py - wire_pieChartData - Success
INFO, 2023-04-18 15:36:21,792, dashboard_function.py - virtual_pieChartData - Success
INFO, 2023-04-18 15:36:21,871, dashboard_function.py - server_BChartDataList - Success
INFO, 2023-04-18 15:36:21,975, dashboard_function.py - service_donutChartData - Success
INFO, 2023-04-18 15:36:22,055, dashboard_function.py - ResourceDiskChartDataList - Success
INFO, 2023-04-18 15:36:22,138, dashboard_function.py - ResourceRemChartDataList - Success
INFO, 2023-04-18 15:36:22,219, dashboard_function.py - alarmData - Success
INFO, 2023-04-18 15:36:22,307, dashboard_function.py - server_LChartDataList - Success
INFO, 2023-04-18 15:36:22,388, dashboard_function.py - vendorChartList - Success
INFO, 2023-04-18 15:36:22,469, dashboard_function.py - alarm_donutChartData - Success
INFO, 2023-04-18 15:36:22,635, dashboard_function.py - BNChartDataList - Success
INFO, 2023-04-18 15:36:22,635, dashboard_function.py - WMCDL(World Map Chart Data List) - Success
INFO, 2023-04-18 15:36:22,800, dashboard_function.py - memoryMoreDataList - Success
INFO, 2023-04-18 15:46:23,638, dashboard_function.py - os_pieChartData - Success
INFO, 2023-04-18 15:46:23,718, dashboard_function.py - wire_pieChartData - Success
INFO, 2023-04-18 15:46:23,795, dashboard_function.py - virtual_pieChartData - Success
INFO, 2023-04-18 15:46:23,874, dashboard_function.py - server_BChartDataList - Success
INFO, 2023-04-18 15:46:23,975, dashboard_function.py - service_donutChartData - Success
INFO, 2023-04-18 15:46:24,054, dashboard_function.py - ResourceDiskChartDataList - Success
INFO, 2023-04-18 15:46:24,130, dashboard_function.py - ResourceRemChartDataList - Success
INFO, 2023-04-18 15:46:24,208, dashboard_function.py - alarmData - Success
INFO, 2023-04-18 15:46:24,288, dashboard_function.py - server_LChartDataList - Success
INFO, 2023-04-18 15:46:24,370, dashboard_function.py - vendorChartList - Success
INFO, 2023-04-18 15:46:24,447, dashboard_function.py - alarm_donutChartData - Success
INFO, 2023-04-18 15:46:24,614, dashboard_function.py - BNChartDataList - Success
INFO, 2023-04-18 15:46:24,614, dashboard_function.py - WMCDL(World Map Chart Data List) - Success
INFO, 2023-04-18 15:46:24,767, dashboard_function.py - memoryMoreDataList - Success
INFO, 2023-04-18 15:56:25,633, dashboard_function.py - os_pieChartData - Success
INFO, 2023-04-18 15:56:25,711, dashboard_function.py - wire_pieChartData - Success
INFO, 2023-04-18 15:56:25,788, dashboard_function.py - virtual_pieChartData - Success
INFO, 2023-04-18 15:56:25,868, dashboard_function.py - server_BChartDataList - Success
INFO, 2023-04-18 15:56:25,976, dashboard_function.py - service_donutChartData - Success
INFO, 2023-04-18 15:56:26,169, dashboard_function.py - ResourceDiskChartDataList - Success
INFO, 2023-04-18 15:56:26,255, dashboard_function.py - ResourceRemChartDataList - Success
INFO, 2023-04-18 15:56:26,338, dashboard_function.py - alarmData - Success
INFO, 2023-04-18 15:56:26,418, dashboard_function.py - server_LChartDataList - Success
INFO, 2023-04-18 15:56:26,499, dashboard_function.py - vendorChartList - Success
INFO, 2023-04-18 15:56:26,583, dashboard_function.py - alarm_donutChartData - Success
INFO, 2023-04-18 15:56:26,776, dashboard_function.py - BNChartDataList - Success
INFO, 2023-04-18 15:56:26,778, dashboard_function.py - WMCDL(World Map Chart Data List) - Success
INFO, 2023-04-18 15:56:26,995, dashboard_function.py - memoryMoreDataList - Success
INFO, 2023-04-18 16:06:27,667, dashboard_function.py - os_pieChartData - Success
INFO, 2023-04-18 16:06:27,788, dashboard_function.py - wire_pieChartData - Success
INFO, 2023-04-18 16:06:27,890, dashboard_function.py - virtual_pieChartData - Success
INFO, 2023-04-18 16:06:28,007, dashboard_function.py - server_BChartDataList - Success
INFO, 2023-04-18 16:06:28,159, dashboard_function.py - service_donutChartData - Success
INFO, 2023-04-18 16:06:28,264, dashboard_function.py - ResourceDiskChartDataList - Success
INFO, 2023-04-18 16:06:28,358, dashboard_function.py - ResourceRemChartDataList - Success
INFO, 2023-04-18 16:06:28,474, dashboard_function.py - alarmData - Success
INFO, 2023-04-18 16:06:28,577, dashboard_function.py - server_LChartDataList - Success
INFO, 2023-04-18 16:06:28,674, dashboard_function.py - vendorChartList - Success
INFO, 2023-04-18 16:06:28,779, dashboard_function.py - alarm_donutChartData - Success
INFO, 2023-04-18 16:06:29,021, dashboard_function.py - BNChartDataList - Success
INFO, 2023-04-18 16:06:29,022, dashboard_function.py - WMCDL(World Map Chart Data List) - Success
INFO, 2023-04-18 16:06:29,222, dashboard_function.py - memoryMoreDataList - Success
INFO, 2023-04-18 16:16:30,638, dashboard_function.py - os_pieChartData - Success
INFO, 2023-04-18 16:16:30,731, dashboard_function.py - wire_pieChartData - Success
INFO, 2023-04-18 16:16:30,827, dashboard_function.py - virtual_pieChartData - Success
INFO, 2023-04-18 16:16:30,915, dashboard_function.py - server_BChartDataList - Success
INFO, 2023-04-18 16:16:31,048, dashboard_function.py - service_donutChartData - Success
INFO, 2023-04-18 16:16:31,150, dashboard_function.py - ResourceDiskChartDataList - Success
INFO, 2023-04-18 16:16:31,245, dashboard_function.py - ResourceRemChartDataList - Success
INFO, 2023-04-18 16:16:31,343, dashboard_function.py - alarmData - Success
INFO, 2023-04-18 16:16:31,448, dashboard_function.py - server_LChartDataList - Success
INFO, 2023-04-18 16:16:31,547, dashboard_function.py - vendorChartList - Success
INFO, 2023-04-18 16:16:31,652, dashboard_function.py - alarm_donutChartData - Success
INFO, 2023-04-18 16:16:31,862, dashboard_function.py - BNChartDataList - Success
INFO, 2023-04-18 16:16:31,863, dashboard_function.py - WMCDL(World Map Chart Data List) - Success
INFO, 2023-04-18 16:16:32,071, dashboard_function.py - memoryMoreDataList - Success
INFO, 2023-04-18 16:26:32,660, dashboard_function.py - os_pieChartData - Success
INFO, 2023-04-18 16:26:32,741, dashboard_function.py - wire_pieChartData - Success
INFO, 2023-04-18 16:26:32,825, dashboard_function.py - virtual_pieChartData - Success
INFO, 2023-04-18 16:26:32,907, dashboard_function.py - server_BChartDataList - Success
INFO, 2023-04-18 16:26:33,029, dashboard_function.py - service_donutChartData - Success
INFO, 2023-04-18 16:26:33,119, dashboard_function.py - ResourceDiskChartDataList - Success
INFO, 2023-04-18 16:26:33,199, dashboard_function.py - ResourceRemChartDataList - Success
INFO, 2023-04-18 16:26:33,286, dashboard_function.py - alarmData - Success
INFO, 2023-04-18 16:26:33,374, dashboard_function.py - server_LChartDataList - Success
INFO, 2023-04-18 16:26:33,455, dashboard_function.py - vendorChartList - Success
INFO, 2023-04-18 16:26:33,538, dashboard_function.py - alarm_donutChartData - Success
INFO, 2023-04-18 16:26:33,709, dashboard_function.py - BNChartDataList - Success
INFO, 2023-04-18 16:26:33,709, dashboard_function.py - WMCDL(World Map Chart Data List) - Success
INFO, 2023-04-18 16:26:33,880, dashboard_function.py - memoryMoreDataList - Success
INFO, 2023-04-18 16:36:34,627, dashboard_function.py - os_pieChartData - Success
INFO, 2023-04-18 16:36:34,707, dashboard_function.py - wire_pieChartData - Success
INFO, 2023-04-18 16:36:34,795, dashboard_function.py - virtual_pieChartData - Success
INFO, 2023-04-18 16:36:34,886, dashboard_function.py - server_BChartDataList - Success
INFO, 2023-04-18 16:36:34,997, dashboard_function.py - service_donutChartData - Success
INFO, 2023-04-18 16:36:35,092, dashboard_function.py - ResourceDiskChartDataList - Success
INFO, 2023-04-18 16:36:35,176, dashboard_function.py - ResourceRemChartDataList - Success
INFO, 2023-04-18 16:36:35,260, dashboard_function.py - alarmData - Success
INFO, 2023-04-18 16:36:35,358, dashboard_function.py - server_LChartDataList - Success
INFO, 2023-04-18 16:36:35,442, dashboard_function.py - vendorChartList - Success
INFO, 2023-04-18 16:36:35,527, dashboard_function.py - alarm_donutChartData - Success
INFO, 2023-04-18 16:36:35,704, dashboard_function.py - BNChartDataList - Success
INFO, 2023-04-18 16:36:35,705, dashboard_function.py - WMCDL(World Map Chart Data List) - Success
INFO, 2023-04-18 16:36:35,884, dashboard_function.py - memoryMoreDataList - Success
INFO, 2023-04-18 16:46:36,816, dashboard_function.py - os_pieChartData - Success
INFO, 2023-04-18 16:46:36,991, dashboard_function.py - wire_pieChartData - Success
INFO, 2023-04-18 16:46:37,129, dashboard_function.py - virtual_pieChartData - Success
INFO, 2023-04-18 16:46:37,259, dashboard_function.py - server_BChartDataList - Success
INFO, 2023-04-18 16:46:37,420, dashboard_function.py - service_donutChartData - Success
INFO, 2023-04-18 16:46:37,513, dashboard_function.py - ResourceDiskChartDataList - Success
INFO, 2023-04-18 16:46:37,609, dashboard_function.py - ResourceRemChartDataList - Success
INFO, 2023-04-18 16:46:37,707, dashboard_function.py - alarmData - Success
INFO, 2023-04-18 16:46:37,818, dashboard_function.py - server_LChartDataList - Success
INFO, 2023-04-18 16:46:37,972, dashboard_function.py - vendorChartList - Success
INFO, 2023-04-18 16:46:38,116, dashboard_function.py - alarm_donutChartData - Success
INFO, 2023-04-18 16:46:38,451, dashboard_function.py - BNChartDataList - Success
INFO, 2023-04-18 16:46:38,451, dashboard_function.py - WMCDL(World Map Chart Data List) - Success
INFO, 2023-04-18 16:46:38,828, dashboard_function.py - memoryMoreDataList - Success
INFO, 2023-04-18 16:56:39,632, dashboard_function.py - os_pieChartData - Success
INFO, 2023-04-18 16:56:39,727, dashboard_function.py - wire_pieChartData - Success
INFO, 2023-04-18 16:56:39,816, dashboard_function.py - virtual_pieChartData - Success
INFO, 2023-04-18 16:56:39,905, dashboard_function.py - server_BChartDataList - Success
INFO, 2023-04-18 16:56:40,142, dashboard_function.py - service_donutChartData - Success
INFO, 2023-04-18 16:56:40,227, dashboard_function.py - ResourceDiskChartDataList - Success
INFO, 2023-04-18 16:56:40,312, dashboard_function.py - ResourceRemChartDataList - Success
INFO, 2023-04-18 16:56:40,392, dashboard_function.py - alarmData - Success
INFO, 2023-04-18 16:56:40,486, dashboard_function.py - server_LChartDataList - Success
INFO, 2023-04-18 16:56:40,580, dashboard_function.py - vendorChartList - Success
INFO, 2023-04-18 16:56:40,665, dashboard_function.py - alarm_donutChartData - Success
INFO, 2023-04-18 16:56:40,843, dashboard_function.py - BNChartDataList - Success
INFO, 2023-04-18 16:56:40,843, dashboard_function.py - WMCDL(World Map Chart Data List) - Success
INFO, 2023-04-18 16:56:41,011, dashboard_function.py - memoryMoreDataList - Success
INFO, 2023-04-18 17:06:41,633, dashboard_function.py - os_pieChartData - Success
INFO, 2023-04-18 17:06:41,720, dashboard_function.py - wire_pieChartData - Success
INFO, 2023-04-18 17:06:41,924, dashboard_function.py - virtual_pieChartData - Success
INFO, 2023-04-18 17:06:42,011, dashboard_function.py - server_BChartDataList - Success
INFO, 2023-04-18 17:06:42,135, dashboard_function.py - service_donutChartData - Success
INFO, 2023-04-18 17:06:42,215, dashboard_function.py - ResourceDiskChartDataList - Success
INFO, 2023-04-18 17:06:42,297, dashboard_function.py - ResourceRemChartDataList - Success
INFO, 2023-04-18 17:06:42,385, dashboard_function.py - alarmData - Success
INFO, 2023-04-18 17:06:42,478, dashboard_function.py - server_LChartDataList - Success
INFO, 2023-04-18 17:06:42,574, dashboard_function.py - vendorChartList - Success
INFO, 2023-04-18 17:06:42,660, dashboard_function.py - alarm_donutChartData - Success
INFO, 2023-04-18 17:06:42,833, dashboard_function.py - BNChartDataList - Success
INFO, 2023-04-18 17:06:42,834, dashboard_function.py - WMCDL(World Map Chart Data List) - Success
INFO, 2023-04-18 17:06:43,006, dashboard_function.py - memoryMoreDataList - Success
