INFO, 2023-04-17 08:53:32,800, dashboard_function.py - os_pieChartData - Success
INFO, 2023-04-17 08:53:32,811, dashboard_function.py - server_BChartDataList - Success
INFO, 2023-04-17 08:53:35,810, dashboard_function.py - wire_pieChartData - Success
INFO, 2023-04-17 08:53:35,917, dashboard_function.py - service_donutChartData - Success
INFO, 2023-04-17 08:53:37,714, dashboard_function.py - alarmData - Success
INFO, 2023-04-17 08:53:37,738, dashboard_function.py - virtual_pieChartData - Success
INFO, 2023-04-17 08:53:39,459, dashboard_function.py - server_BChartDataList - Success
INFO, 2023-04-17 08:53:39,481, dashboard_function.py - server_LChartDataList - Success
INFO, 2023-04-17 08:53:40,869, dashboard_function.py - os_donutChartData - Success
INFO, 2023-04-17 08:53:40,899, dashboard_function.py - service_donutChartData - Success
INFO, 2023-04-17 08:53:41,400, dashboard_function.py - vendorChartList - Success
INFO, 2023-04-17 08:53:41,458, dashboard_function.py - ResourceDiskChartDataList - Success
INFO, 2023-04-17 08:53:41,744, dashboard_function.py - alarm_donutChartData - Success
INFO, 2023-04-17 08:53:41,847, dashboard_function.py - ResourceRemChartDataList - Success
INFO, 2023-04-17 08:53:42,531, dashboard_function.py - alarmData - Success
INFO, 2023-04-17 08:53:42,840, dashboard_function.py - BNChartDataList - Success
INFO, 2023-04-17 08:53:42,841, dashboard_function.py - WMCDL(World Map Chart Data List) - Success
INFO, 2023-04-17 08:53:42,911, dashboard_function.py - server_LChartDataList - Success
INFO, 2023-04-17 08:53:43,382, dashboard_function.py - vendorChartList - Success
INFO, 2023-04-17 08:53:43,775, dashboard_function.py - alarm_donutChartData - Success
INFO, 2023-04-17 08:53:43,852, dashboard_function.py - connectIpDataList - Success
INFO, 2023-04-17 08:53:44,269, dashboard_function.py - connectServerDataList - Success
INFO, 2023-04-17 08:53:44,472, dashboard_function.py - BNChartDataList - Success
INFO, 2023-04-17 08:53:44,473, dashboard_function.py - WMCDL(World Map Chart Data List) - Success
INFO, 2023-04-17 08:53:44,617, dashboard_function.py - memoryMoreDataList - Success
INFO, 2023-04-17 08:53:45,398, dashboard_function.py - memoryMoreDataList - Success
INFO, 2023-04-17 09:03:46,348, dashboard_function.py - server_BChartDataList - Success
INFO, 2023-04-17 09:03:46,464, dashboard_function.py - service_donutChartData - Success
INFO, 2023-04-17 09:03:46,537, dashboard_function.py - alarmData - Success
INFO, 2023-04-17 09:03:46,617, dashboard_function.py - server_LChartDataList - Success
INFO, 2023-04-17 09:03:46,697, dashboard_function.py - os_donutChartData - Success
INFO, 2023-04-17 09:03:46,769, dashboard_function.py - vendorChartList - Success
INFO, 2023-04-17 09:03:46,853, dashboard_function.py - alarm_donutChartData - Success
INFO, 2023-04-17 09:03:47,021, dashboard_function.py - BNChartDataList - Success
INFO, 2023-04-17 09:03:47,022, dashboard_function.py - WMCDL(World Map Chart Data List) - Success
INFO, 2023-04-17 09:03:47,057, dashboard_function.py - os_pieChartData - Success
INFO, 2023-04-17 09:03:47,153, dashboard_function.py - wire_pieChartData - Success
INFO, 2023-04-17 09:03:47,213, dashboard_function.py - connectIpDataList - Success
INFO, 2023-04-17 09:03:47,296, dashboard_function.py - connectServerDataList - Success
INFO, 2023-04-17 09:03:47,341, dashboard_function.py - virtual_pieChartData - Success
INFO, 2023-04-17 09:03:47,387, dashboard_function.py - memoryMoreDataList - Success
INFO, 2023-04-17 09:03:47,436, dashboard_function.py - server_BChartDataList - Success
INFO, 2023-04-17 09:03:47,672, dashboard_function.py - service_donutChartData - Success
INFO, 2023-04-17 09:03:47,769, dashboard_function.py - ResourceDiskChartDataList - Success
INFO, 2023-04-17 09:03:47,877, dashboard_function.py - ResourceRemChartDataList - Success
INFO, 2023-04-17 09:03:47,977, dashboard_function.py - alarmData - Success
INFO, 2023-04-17 09:03:48,062, dashboard_function.py - server_LChartDataList - Success
INFO, 2023-04-17 09:03:48,160, dashboard_function.py - vendorChartList - Success
INFO, 2023-04-17 09:03:48,244, dashboard_function.py - alarm_donutChartData - Success
INFO, 2023-04-17 09:03:48,437, dashboard_function.py - BNChartDataList - Success
INFO, 2023-04-17 09:03:48,438, dashboard_function.py - WMCDL(World Map Chart Data List) - Success
INFO, 2023-04-17 09:03:48,638, dashboard_function.py - memoryMoreDataList - Success
INFO, 2023-04-17 09:13:48,372, dashboard_function.py - server_BChartDataList - Success
INFO, 2023-04-17 09:13:48,508, dashboard_function.py - service_donutChartData - Success
INFO, 2023-04-17 09:13:48,602, dashboard_function.py - alarmData - Success
INFO, 2023-04-17 09:13:48,698, dashboard_function.py - server_LChartDataList - Success
INFO, 2023-04-17 09:13:48,788, dashboard_function.py - os_donutChartData - Success
INFO, 2023-04-17 09:13:48,865, dashboard_function.py - vendorChartList - Success
INFO, 2023-04-17 09:13:49,058, dashboard_function.py - os_pieChartData - Success
INFO, 2023-04-17 09:13:49,077, dashboard_function.py - alarm_donutChartData - Success
INFO, 2023-04-17 09:13:49,155, dashboard_function.py - wire_pieChartData - Success
INFO, 2023-04-17 09:13:49,243, dashboard_function.py - virtual_pieChartData - Success
INFO, 2023-04-17 09:13:49,333, dashboard_function.py - server_BChartDataList - Success
INFO, 2023-04-17 09:13:49,382, dashboard_function.py - BNChartDataList - Success
INFO, 2023-04-17 09:13:49,383, dashboard_function.py - WMCDL(World Map Chart Data List) - Success
INFO, 2023-04-17 09:13:49,473, dashboard_function.py - service_donutChartData - Success
INFO, 2023-04-17 09:13:49,585, dashboard_function.py - ResourceDiskChartDataList - Success
INFO, 2023-04-17 09:13:49,600, dashboard_function.py - connectIpDataList - Success
INFO, 2023-04-17 09:13:49,692, dashboard_function.py - ResourceRemChartDataList - Success
INFO, 2023-04-17 09:13:49,702, dashboard_function.py - connectServerDataList - Success
INFO, 2023-04-17 09:13:49,800, dashboard_function.py - alarmData - Success
INFO, 2023-04-17 09:13:49,806, dashboard_function.py - memoryMoreDataList - Success
INFO, 2023-04-17 09:13:49,892, dashboard_function.py - server_LChartDataList - Success
INFO, 2023-04-17 09:13:49,995, dashboard_function.py - vendorChartList - Success
INFO, 2023-04-17 09:13:50,106, dashboard_function.py - alarm_donutChartData - Success
INFO, 2023-04-17 09:13:50,296, dashboard_function.py - BNChartDataList - Success
INFO, 2023-04-17 09:13:50,297, dashboard_function.py - WMCDL(World Map Chart Data List) - Success
INFO, 2023-04-17 09:13:50,503, dashboard_function.py - memoryMoreDataList - Success
INFO, 2023-04-17 09:23:50,480, dashboard_function.py - server_BChartDataList - Success
INFO, 2023-04-17 09:23:50,624, dashboard_function.py - service_donutChartData - Success
INFO, 2023-04-17 09:23:50,699, dashboard_function.py - alarmData - Success
INFO, 2023-04-17 09:23:50,789, dashboard_function.py - server_LChartDataList - Success
INFO, 2023-04-17 09:23:50,884, dashboard_function.py - os_donutChartData - Success
INFO, 2023-04-17 09:23:50,966, dashboard_function.py - vendorChartList - Success
INFO, 2023-04-17 09:23:51,041, dashboard_function.py - os_pieChartData - Success
INFO, 2023-04-17 09:23:51,049, dashboard_function.py - alarm_donutChartData - Success
INFO, 2023-04-17 09:23:51,135, dashboard_function.py - wire_pieChartData - Success
INFO, 2023-04-17 09:23:51,243, dashboard_function.py - BNChartDataList - Success
INFO, 2023-04-17 09:23:51,243, dashboard_function.py - virtual_pieChartData - Success
INFO, 2023-04-17 09:23:51,244, dashboard_function.py - WMCDL(World Map Chart Data List) - Success
INFO, 2023-04-17 09:23:51,349, dashboard_function.py - server_BChartDataList - Success
INFO, 2023-04-17 09:23:51,467, dashboard_function.py - connectIpDataList - Success
INFO, 2023-04-17 09:23:51,487, dashboard_function.py - service_donutChartData - Success
INFO, 2023-04-17 09:23:51,568, dashboard_function.py - connectServerDataList - Success
INFO, 2023-04-17 09:23:51,588, dashboard_function.py - ResourceDiskChartDataList - Success
INFO, 2023-04-17 09:23:51,668, dashboard_function.py - memoryMoreDataList - Success
INFO, 2023-04-17 09:23:51,690, dashboard_function.py - ResourceRemChartDataList - Success
INFO, 2023-04-17 09:23:51,888, dashboard_function.py - alarmData - Success
INFO, 2023-04-17 09:23:51,978, dashboard_function.py - server_LChartDataList - Success
INFO, 2023-04-17 09:23:52,089, dashboard_function.py - vendorChartList - Success
INFO, 2023-04-17 09:23:52,182, dashboard_function.py - alarm_donutChartData - Success
INFO, 2023-04-17 09:23:52,378, dashboard_function.py - BNChartDataList - Success
INFO, 2023-04-17 09:23:52,379, dashboard_function.py - WMCDL(World Map Chart Data List) - Success
INFO, 2023-04-17 09:23:52,568, dashboard_function.py - memoryMoreDataList - Success
INFO, 2023-04-17 09:33:52,370, dashboard_function.py - server_BChartDataList - Success
INFO, 2023-04-17 09:33:52,595, dashboard_function.py - service_donutChartData - Success
INFO, 2023-04-17 09:33:52,713, dashboard_function.py - alarmData - Success
INFO, 2023-04-17 09:33:52,843, dashboard_function.py - server_LChartDataList - Success
INFO, 2023-04-17 09:33:52,955, dashboard_function.py - os_donutChartData - Success
INFO, 2023-04-17 09:33:53,118, dashboard_function.py - vendorChartList - Success
INFO, 2023-04-17 09:33:53,122, dashboard_function.py - os_pieChartData - Success
INFO, 2023-04-17 09:33:53,275, dashboard_function.py - alarm_donutChartData - Success
INFO, 2023-04-17 09:33:53,280, dashboard_function.py - wire_pieChartData - Success
INFO, 2023-04-17 09:33:53,448, dashboard_function.py - virtual_pieChartData - Success
INFO, 2023-04-17 09:33:53,602, dashboard_function.py - BNChartDataList - Success
INFO, 2023-04-17 09:33:53,603, dashboard_function.py - WMCDL(World Map Chart Data List) - Success
INFO, 2023-04-17 09:33:53,634, dashboard_function.py - server_BChartDataList - Success
INFO, 2023-04-17 09:33:53,895, dashboard_function.py - service_donutChartData - Success
INFO, 2023-04-17 09:33:53,980, dashboard_function.py - connectIpDataList - Success
INFO, 2023-04-17 09:33:54,084, dashboard_function.py - ResourceDiskChartDataList - Success
INFO, 2023-04-17 09:33:54,162, dashboard_function.py - connectServerDataList - Success
INFO, 2023-04-17 09:33:54,266, dashboard_function.py - ResourceRemChartDataList - Success
INFO, 2023-04-17 09:33:54,322, dashboard_function.py - memoryMoreDataList - Success
INFO, 2023-04-17 09:33:54,652, dashboard_function.py - alarmData - Success
INFO, 2023-04-17 09:33:54,870, dashboard_function.py - server_LChartDataList - Success
INFO, 2023-04-17 09:33:55,087, dashboard_function.py - vendorChartList - Success
INFO, 2023-04-17 09:33:55,232, dashboard_function.py - alarm_donutChartData - Success
INFO, 2023-04-17 09:33:55,611, dashboard_function.py - BNChartDataList - Success
INFO, 2023-04-17 09:33:55,611, dashboard_function.py - WMCDL(World Map Chart Data List) - Success
INFO, 2023-04-17 09:33:55,863, dashboard_function.py - memoryMoreDataList - Success
INFO, 2023-04-17 09:42:48,638, dashboard_function.py - os_pieChartData - Success
INFO, 2023-04-17 09:42:48,911, dashboard_function.py - wire_pieChartData - Success
INFO, 2023-04-17 09:42:49,217, dashboard_function.py - virtual_pieChartData - Success
INFO, 2023-04-17 09:42:49,526, dashboard_function.py - server_BChartDataList - Success
INFO, 2023-04-17 09:42:49,986, dashboard_function.py - service_donutChartData - Success
INFO, 2023-04-17 09:42:50,218, dashboard_function.py - ResourceDiskChartDataList - Success
INFO, 2023-04-17 09:42:50,524, dashboard_function.py - ResourceRemChartDataList - Success
INFO, 2023-04-17 09:42:50,813, dashboard_function.py - alarmData - Success
INFO, 2023-04-17 09:42:51,128, dashboard_function.py - server_LChartDataList - Success
INFO, 2023-04-17 09:42:51,414, dashboard_function.py - vendorChartList - Success
INFO, 2023-04-17 09:42:51,682, dashboard_function.py - alarm_donutChartData - Success
INFO, 2023-04-17 09:42:52,181, dashboard_function.py - BNChartDataList - Success
INFO, 2023-04-17 09:42:52,183, dashboard_function.py - WMCDL(World Map Chart Data List) - Success
INFO, 2023-04-17 09:42:52,572, dashboard_function.py - memoryMoreDataList - Success
INFO, 2023-04-17 09:43:29,115, dashboard_function.py - server_BChartDataList - Success
INFO, 2023-04-17 09:43:29,260, dashboard_function.py - service_donutChartData - Success
INFO, 2023-04-17 09:43:29,393, dashboard_function.py - alarmData - Success
INFO, 2023-04-17 09:43:29,564, dashboard_function.py - server_LChartDataList - Success
INFO, 2023-04-17 09:43:29,763, dashboard_function.py - os_donutChartData - Success
INFO, 2023-04-17 09:43:29,984, dashboard_function.py - vendorChartList - Success
INFO, 2023-04-17 09:43:30,268, dashboard_function.py - alarm_donutChartData - Success
INFO, 2023-04-17 09:43:30,780, dashboard_function.py - BNChartDataList - Success
INFO, 2023-04-17 09:43:30,783, dashboard_function.py - WMCDL(World Map Chart Data List) - Success
INFO, 2023-04-17 09:43:31,228, dashboard_function.py - connectIpDataList - Success
INFO, 2023-04-17 09:43:31,431, dashboard_function.py - connectServerDataList - Success
INFO, 2023-04-17 09:43:31,653, dashboard_function.py - memoryMoreDataList - Success
INFO, 2023-04-17 09:43:57,057, dashboard_function.py - os_pieChartData - Success
INFO, 2023-04-17 09:43:57,141, dashboard_function.py - wire_pieChartData - Success
INFO, 2023-04-17 09:43:57,240, dashboard_function.py - virtual_pieChartData - Success
INFO, 2023-04-17 09:43:57,345, dashboard_function.py - server_BChartDataList - Success
INFO, 2023-04-17 09:43:57,531, dashboard_function.py - service_donutChartData - Success
INFO, 2023-04-17 09:43:57,660, dashboard_function.py - ResourceDiskChartDataList - Success
INFO, 2023-04-17 09:43:57,791, dashboard_function.py - ResourceRemChartDataList - Success
INFO, 2023-04-17 09:43:57,964, dashboard_function.py - alarmData - Success
INFO, 2023-04-17 09:43:58,132, dashboard_function.py - server_LChartDataList - Success
INFO, 2023-04-17 09:43:58,295, dashboard_function.py - vendorChartList - Success
INFO, 2023-04-17 09:43:58,469, dashboard_function.py - alarm_donutChartData - Success
INFO, 2023-04-17 09:43:59,069, dashboard_function.py - BNChartDataList - Success
INFO, 2023-04-17 09:43:59,070, dashboard_function.py - WMCDL(World Map Chart Data List) - Success
INFO, 2023-04-17 09:43:59,655, dashboard_function.py - memoryMoreDataList - Success
INFO, 2023-04-17 09:50:16,409, dashboard_function.py - os_pieChartData - Success
INFO, 2023-04-17 09:50:16,862, dashboard_function.py - wire_pieChartData - Success
INFO, 2023-04-17 09:50:17,386, dashboard_function.py - virtual_pieChartData - Success
INFO, 2023-04-17 09:50:17,705, dashboard_function.py - server_BChartDataList - Success
INFO, 2023-04-17 09:50:18,286, dashboard_function.py - service_donutChartData - Success
INFO, 2023-04-17 09:50:18,625, dashboard_function.py - ResourceDiskChartDataList - Success
INFO, 2023-04-17 09:50:19,109, dashboard_function.py - ResourceRemChartDataList - Success
INFO, 2023-04-17 09:50:19,587, dashboard_function.py - alarmData - Success
INFO, 2023-04-17 09:50:20,007, dashboard_function.py - server_LChartDataList - Success
INFO, 2023-04-17 09:50:20,474, dashboard_function.py - vendorChartList - Success
INFO, 2023-04-17 09:50:20,997, dashboard_function.py - alarm_donutChartData - Success
INFO, 2023-04-17 09:50:21,805, dashboard_function.py - BNChartDataList - Success
INFO, 2023-04-17 09:50:21,807, dashboard_function.py - WMCDL(World Map Chart Data List) - Success
INFO, 2023-04-17 09:50:22,750, dashboard_function.py - memoryMoreDataList - Success
INFO, 2023-04-17 09:50:23,025, dashboard_function.py - os_pieChartData - Success
INFO, 2023-04-17 09:50:23,385, dashboard_function.py - wire_pieChartData - Success
INFO, 2023-04-17 09:50:23,784, dashboard_function.py - os_pieChartData - Success
INFO, 2023-04-17 09:50:23,789, dashboard_function.py - virtual_pieChartData - Success
INFO, 2023-04-17 09:50:24,232, dashboard_function.py - wire_pieChartData - Success
INFO, 2023-04-17 09:50:24,233, dashboard_function.py - server_BChartDataList - Success
INFO, 2023-04-17 09:50:24,789, dashboard_function.py - virtual_pieChartData - Success
INFO, 2023-04-17 09:50:25,025, dashboard_function.py - service_donutChartData - Success
INFO, 2023-04-17 09:50:25,294, dashboard_function.py - server_BChartDataList - Success
INFO, 2023-04-17 09:50:25,515, dashboard_function.py - ResourceDiskChartDataList - Success
INFO, 2023-04-17 09:50:25,925, dashboard_function.py - service_donutChartData - Success
INFO, 2023-04-17 09:50:25,973, dashboard_function.py - ResourceRemChartDataList - Success
INFO, 2023-04-17 09:50:26,764, dashboard_function.py - ResourceDiskChartDataList - Success
INFO, 2023-04-17 09:50:26,803, dashboard_function.py - alarmData - Success
INFO, 2023-04-17 09:50:27,571, dashboard_function.py - server_LChartDataList - Success
INFO, 2023-04-17 09:50:27,684, dashboard_function.py - ResourceRemChartDataList - Success
INFO, 2023-04-17 09:50:29,356, dashboard_function.py - alarmData - Success
INFO, 2023-04-17 09:50:29,756, dashboard_function.py - vendorChartList - Success
INFO, 2023-04-17 09:50:32,385, dashboard_function.py - server_LChartDataList - Success
INFO, 2023-04-17 09:50:32,521, dashboard_function.py - alarm_donutChartData - Success
INFO, 2023-04-17 09:50:33,648, dashboard_function.py - vendorChartList - Success
INFO, 2023-04-17 09:50:34,634, dashboard_function.py - BNChartDataList - Success
INFO, 2023-04-17 09:50:34,634, dashboard_function.py - alarm_donutChartData - Success
INFO, 2023-04-17 09:50:34,635, dashboard_function.py - WMCDL(World Map Chart Data List) - Success
INFO, 2023-04-17 09:50:36,861, dashboard_function.py - memoryMoreDataList - Success
INFO, 2023-04-17 09:50:37,058, dashboard_function.py - BNChartDataList - Success
INFO, 2023-04-17 09:50:37,061, dashboard_function.py - WMCDL(World Map Chart Data List) - Success
INFO, 2023-04-17 09:50:38,188, dashboard_function.py - memoryMoreDataList - Success
INFO, 2023-04-17 09:51:18,485, dashboard_function.py - server_BChartDataList - Success
INFO, 2023-04-17 09:51:18,599, dashboard_function.py - service_donutChartData - Success
INFO, 2023-04-17 09:51:18,679, dashboard_function.py - alarmData - Success
INFO, 2023-04-17 09:51:18,753, dashboard_function.py - server_LChartDataList - Success
INFO, 2023-04-17 09:51:18,830, dashboard_function.py - os_donutChartData - Success
INFO, 2023-04-17 09:51:18,908, dashboard_function.py - vendorChartList - Success
INFO, 2023-04-17 09:51:18,986, dashboard_function.py - alarm_donutChartData - Success
INFO, 2023-04-17 09:51:19,140, dashboard_function.py - BNChartDataList - Success
INFO, 2023-04-17 09:51:19,140, dashboard_function.py - WMCDL(World Map Chart Data List) - Success
INFO, 2023-04-17 09:51:19,296, dashboard_function.py - connectIpDataList - Success
INFO, 2023-04-17 09:51:19,372, dashboard_function.py - connectServerDataList - Success
INFO, 2023-04-17 09:51:19,447, dashboard_function.py - memoryMoreDataList - Success
INFO, 2023-04-17 09:52:18,043, dashboard_function.py - os_pieChartData - Success
INFO, 2023-04-17 09:52:18,123, dashboard_function.py - wire_pieChartData - Success
INFO, 2023-04-17 09:52:18,212, dashboard_function.py - virtual_pieChartData - Success
INFO, 2023-04-17 09:52:18,293, dashboard_function.py - server_BChartDataList - Success
INFO, 2023-04-17 09:52:18,406, dashboard_function.py - service_donutChartData - Success
INFO, 2023-04-17 09:52:18,505, dashboard_function.py - ResourceDiskChartDataList - Success
INFO, 2023-04-17 09:52:18,599, dashboard_function.py - ResourceRemChartDataList - Success
INFO, 2023-04-17 09:52:18,686, dashboard_function.py - alarmData - Success
INFO, 2023-04-17 09:52:18,826, dashboard_function.py - server_LChartDataList - Success
INFO, 2023-04-17 09:52:18,943, dashboard_function.py - vendorChartList - Success
INFO, 2023-04-17 09:52:19,102, dashboard_function.py - alarm_donutChartData - Success
INFO, 2023-04-17 09:52:19,430, dashboard_function.py - BNChartDataList - Success
INFO, 2023-04-17 09:52:19,430, dashboard_function.py - WMCDL(World Map Chart Data List) - Success
INFO, 2023-04-17 09:52:19,681, dashboard_function.py - memoryMoreDataList - Success
INFO, 2023-04-17 09:56:02,390, dashboard_function.py - server_BChartDataList - Success
INFO, 2023-04-17 09:56:02,525, dashboard_function.py - service_donutChartData - Success
INFO, 2023-04-17 09:56:02,633, dashboard_function.py - alarmData - Success
INFO, 2023-04-17 09:56:02,753, dashboard_function.py - server_LChartDataList - Success
INFO, 2023-04-17 09:56:02,903, dashboard_function.py - os_donutChartData - Success
INFO, 2023-04-17 09:56:03,117, dashboard_function.py - vendorChartList - Success
INFO, 2023-04-17 09:56:03,407, dashboard_function.py - alarm_donutChartData - Success
INFO, 2023-04-17 09:56:03,961, dashboard_function.py - BNChartDataList - Success
INFO, 2023-04-17 09:56:03,962, dashboard_function.py - WMCDL(World Map Chart Data List) - Success
INFO, 2023-04-17 09:56:04,630, dashboard_function.py - connectIpDataList - Success
INFO, 2023-04-17 09:56:04,898, dashboard_function.py - connectServerDataList - Success
INFO, 2023-04-17 09:56:05,172, dashboard_function.py - memoryMoreDataList - Success
INFO, 2023-04-17 09:56:57,938, dashboard_function.py - os_pieChartData - Success
INFO, 2023-04-17 09:56:58,125, dashboard_function.py - wire_pieChartData - Success
INFO, 2023-04-17 09:56:58,294, dashboard_function.py - virtual_pieChartData - Success
INFO, 2023-04-17 09:56:58,477, dashboard_function.py - server_BChartDataList - Success
INFO, 2023-04-17 09:56:58,750, dashboard_function.py - service_donutChartData - Success
INFO, 2023-04-17 09:56:59,269, dashboard_function.py - ResourceDiskChartDataList - Success
INFO, 2023-04-17 09:56:59,871, dashboard_function.py - ResourceRemChartDataList - Success
INFO, 2023-04-17 09:57:00,424, dashboard_function.py - alarmData - Success
INFO, 2023-04-17 09:57:00,957, dashboard_function.py - server_LChartDataList - Success
INFO, 2023-04-17 09:57:01,263, dashboard_function.py - vendorChartList - Success
INFO, 2023-04-17 09:57:01,643, dashboard_function.py - alarm_donutChartData - Success
INFO, 2023-04-17 09:57:02,365, dashboard_function.py - BNChartDataList - Success
INFO, 2023-04-17 09:57:02,365, dashboard_function.py - WMCDL(World Map Chart Data List) - Success
INFO, 2023-04-17 09:57:03,411, dashboard_function.py - memoryMoreDataList - Success
INFO, 2023-04-17 10:07:04,207, dashboard_function.py - os_pieChartData - Success
INFO, 2023-04-17 10:07:04,282, dashboard_function.py - wire_pieChartData - Success
INFO, 2023-04-17 10:07:04,355, dashboard_function.py - virtual_pieChartData - Success
INFO, 2023-04-17 10:07:04,426, dashboard_function.py - server_BChartDataList - Success
INFO, 2023-04-17 10:07:04,522, dashboard_function.py - service_donutChartData - Success
INFO, 2023-04-17 10:07:04,603, dashboard_function.py - ResourceDiskChartDataList - Success
INFO, 2023-04-17 10:07:04,676, dashboard_function.py - ResourceRemChartDataList - Success
INFO, 2023-04-17 10:07:04,750, dashboard_function.py - alarmData - Success
INFO, 2023-04-17 10:07:04,821, dashboard_function.py - server_LChartDataList - Success
INFO, 2023-04-17 10:07:04,896, dashboard_function.py - vendorChartList - Success
INFO, 2023-04-17 10:07:04,975, dashboard_function.py - alarm_donutChartData - Success
INFO, 2023-04-17 10:07:05,125, dashboard_function.py - BNChartDataList - Success
INFO, 2023-04-17 10:07:05,125, dashboard_function.py - WMCDL(World Map Chart Data List) - Success
INFO, 2023-04-17 10:07:05,277, dashboard_function.py - memoryMoreDataList - Success
INFO, 2023-04-17 10:17:05,828, dashboard_function.py - os_pieChartData - Success
INFO, 2023-04-17 10:17:05,900, dashboard_function.py - wire_pieChartData - Success
INFO, 2023-04-17 10:17:05,973, dashboard_function.py - virtual_pieChartData - Success
INFO, 2023-04-17 10:17:06,048, dashboard_function.py - server_BChartDataList - Success
INFO, 2023-04-17 10:17:06,176, dashboard_function.py - service_donutChartData - Success
INFO, 2023-04-17 10:17:06,248, dashboard_function.py - ResourceDiskChartDataList - Success
INFO, 2023-04-17 10:17:06,319, dashboard_function.py - ResourceRemChartDataList - Success
INFO, 2023-04-17 10:17:06,403, dashboard_function.py - alarmData - Success
INFO, 2023-04-17 10:17:06,485, dashboard_function.py - server_LChartDataList - Success
INFO, 2023-04-17 10:17:06,663, dashboard_function.py - vendorChartList - Success
INFO, 2023-04-17 10:17:06,746, dashboard_function.py - alarm_donutChartData - Success
INFO, 2023-04-17 10:17:06,911, dashboard_function.py - BNChartDataList - Success
INFO, 2023-04-17 10:17:06,911, dashboard_function.py - WMCDL(World Map Chart Data List) - Success
INFO, 2023-04-17 10:17:07,072, dashboard_function.py - memoryMoreDataList - Success
INFO, 2023-04-17 10:27:07,587, dashboard_function.py - os_pieChartData - Success
INFO, 2023-04-17 10:27:07,667, dashboard_function.py - wire_pieChartData - Success
INFO, 2023-04-17 10:27:07,751, dashboard_function.py - virtual_pieChartData - Success
INFO, 2023-04-17 10:27:07,840, dashboard_function.py - server_BChartDataList - Success
INFO, 2023-04-17 10:27:07,948, dashboard_function.py - service_donutChartData - Success
INFO, 2023-04-17 10:27:08,024, dashboard_function.py - ResourceDiskChartDataList - Success
INFO, 2023-04-17 10:27:08,100, dashboard_function.py - ResourceRemChartDataList - Success
INFO, 2023-04-17 10:27:08,175, dashboard_function.py - alarmData - Success
INFO, 2023-04-17 10:27:08,252, dashboard_function.py - server_LChartDataList - Success
INFO, 2023-04-17 10:27:08,337, dashboard_function.py - vendorChartList - Success
INFO, 2023-04-17 10:27:08,414, dashboard_function.py - alarm_donutChartData - Success
INFO, 2023-04-17 10:27:08,572, dashboard_function.py - BNChartDataList - Success
INFO, 2023-04-17 10:27:08,572, dashboard_function.py - WMCDL(World Map Chart Data List) - Success
INFO, 2023-04-17 10:27:08,724, dashboard_function.py - memoryMoreDataList - Success
INFO, 2023-04-17 10:37:09,451, dashboard_function.py - os_pieChartData - Success
INFO, 2023-04-17 10:37:09,549, dashboard_function.py - wire_pieChartData - Success
INFO, 2023-04-17 10:37:09,635, dashboard_function.py - virtual_pieChartData - Success
INFO, 2023-04-17 10:37:09,710, dashboard_function.py - server_BChartDataList - Success
INFO, 2023-04-17 10:37:09,814, dashboard_function.py - service_donutChartData - Success
INFO, 2023-04-17 10:37:09,898, dashboard_function.py - ResourceDiskChartDataList - Success
INFO, 2023-04-17 10:37:09,979, dashboard_function.py - ResourceRemChartDataList - Success
INFO, 2023-04-17 10:37:10,069, dashboard_function.py - alarmData - Success
INFO, 2023-04-17 10:37:10,157, dashboard_function.py - server_LChartDataList - Success
INFO, 2023-04-17 10:37:10,246, dashboard_function.py - vendorChartList - Success
INFO, 2023-04-17 10:37:10,326, dashboard_function.py - alarm_donutChartData - Success
INFO, 2023-04-17 10:37:10,496, dashboard_function.py - BNChartDataList - Success
INFO, 2023-04-17 10:37:10,496, dashboard_function.py - WMCDL(World Map Chart Data List) - Success
INFO, 2023-04-17 10:37:10,726, dashboard_function.py - memoryMoreDataList - Success
INFO, 2023-04-17 10:47:11,403, dashboard_function.py - os_pieChartData - Success
INFO, 2023-04-17 10:47:11,738, dashboard_function.py - wire_pieChartData - Success
INFO, 2023-04-17 10:47:11,958, dashboard_function.py - virtual_pieChartData - Success
INFO, 2023-04-17 10:47:12,291, dashboard_function.py - server_BChartDataList - Success
INFO, 2023-04-17 10:47:12,565, dashboard_function.py - service_donutChartData - Success
INFO, 2023-04-17 10:47:12,735, dashboard_function.py - ResourceDiskChartDataList - Success
INFO, 2023-04-17 10:47:12,839, dashboard_function.py - ResourceRemChartDataList - Success
INFO, 2023-04-17 10:47:12,950, dashboard_function.py - alarmData - Success
INFO, 2023-04-17 10:47:13,093, dashboard_function.py - server_LChartDataList - Success
INFO, 2023-04-17 10:47:13,225, dashboard_function.py - vendorChartList - Success
INFO, 2023-04-17 10:47:13,366, dashboard_function.py - alarm_donutChartData - Success
INFO, 2023-04-17 10:47:13,625, dashboard_function.py - BNChartDataList - Success
INFO, 2023-04-17 10:47:13,625, dashboard_function.py - WMCDL(World Map Chart Data List) - Success
INFO, 2023-04-17 10:47:13,924, dashboard_function.py - memoryMoreDataList - Success
INFO, 2023-04-17 10:56:34,250, dashboard_function.py - server_BChartDataList - Success
INFO, 2023-04-17 10:56:34,445, dashboard_function.py - service_donutChartData - Success
INFO, 2023-04-17 10:56:34,629, dashboard_function.py - alarmData - Success
INFO, 2023-04-17 10:56:34,790, dashboard_function.py - server_LChartDataList - Success
INFO, 2023-04-17 10:56:34,967, dashboard_function.py - os_donutChartData - Success
INFO, 2023-04-17 10:56:35,147, dashboard_function.py - vendorChartList - Success
INFO, 2023-04-17 10:56:35,302, dashboard_function.py - alarm_donutChartData - Success
INFO, 2023-04-17 10:56:35,645, dashboard_function.py - BNChartDataList - Success
INFO, 2023-04-17 10:56:35,646, dashboard_function.py - WMCDL(World Map Chart Data List) - Success
INFO, 2023-04-17 10:56:36,158, dashboard_function.py - connectIpDataList - Success
INFO, 2023-04-17 10:56:36,380, dashboard_function.py - connectServerDataList - Success
INFO, 2023-04-17 10:56:36,600, dashboard_function.py - memoryMoreDataList - Success
INFO, 2023-04-17 11:06:37,263, dashboard_function.py - server_BChartDataList - Success
INFO, 2023-04-17 11:06:37,453, dashboard_function.py - service_donutChartData - Success
INFO, 2023-04-17 11:06:37,629, dashboard_function.py - alarmData - Success
INFO, 2023-04-17 11:06:37,809, dashboard_function.py - server_LChartDataList - Success
INFO, 2023-04-17 11:06:37,981, dashboard_function.py - os_donutChartData - Success
INFO, 2023-04-17 11:06:38,155, dashboard_function.py - vendorChartList - Success
INFO, 2023-04-17 11:06:38,339, dashboard_function.py - alarm_donutChartData - Success
INFO, 2023-04-17 11:06:38,800, dashboard_function.py - BNChartDataList - Success
INFO, 2023-04-17 11:06:38,801, dashboard_function.py - WMCDL(World Map Chart Data List) - Success
INFO, 2023-04-17 11:06:39,313, dashboard_function.py - connectIpDataList - Success
INFO, 2023-04-17 11:06:39,529, dashboard_function.py - connectServerDataList - Success
INFO, 2023-04-17 11:06:39,716, dashboard_function.py - memoryMoreDataList - Success
INFO, 2023-04-17 11:16:40,349, dashboard_function.py - server_BChartDataList - Success
INFO, 2023-04-17 11:16:40,448, dashboard_function.py - service_donutChartData - Success
INFO, 2023-04-17 11:16:40,522, dashboard_function.py - alarmData - Success
INFO, 2023-04-17 11:16:40,599, dashboard_function.py - server_LChartDataList - Success
INFO, 2023-04-17 11:16:40,676, dashboard_function.py - os_donutChartData - Success
INFO, 2023-04-17 11:16:40,756, dashboard_function.py - vendorChartList - Success
INFO, 2023-04-17 11:16:40,846, dashboard_function.py - alarm_donutChartData - Success
INFO, 2023-04-17 11:16:41,015, dashboard_function.py - BNChartDataList - Success
INFO, 2023-04-17 11:16:41,017, dashboard_function.py - WMCDL(World Map Chart Data List) - Success
INFO, 2023-04-17 11:16:41,163, dashboard_function.py - connectIpDataList - Success
INFO, 2023-04-17 11:16:41,233, dashboard_function.py - connectServerDataList - Success
INFO, 2023-04-17 11:16:41,310, dashboard_function.py - memoryMoreDataList - Success
INFO, 2023-04-17 11:26:42,455, dashboard_function.py - server_BChartDataList - Success
INFO, 2023-04-17 11:26:42,556, dashboard_function.py - service_donutChartData - Success
INFO, 2023-04-17 11:26:42,743, dashboard_function.py - alarmData - Success
INFO, 2023-04-17 11:26:42,819, dashboard_function.py - server_LChartDataList - Success
INFO, 2023-04-17 11:26:42,893, dashboard_function.py - os_donutChartData - Success
INFO, 2023-04-17 11:26:42,966, dashboard_function.py - vendorChartList - Success
INFO, 2023-04-17 11:26:43,050, dashboard_function.py - alarm_donutChartData - Success
INFO, 2023-04-17 11:26:43,225, dashboard_function.py - BNChartDataList - Success
INFO, 2023-04-17 11:26:43,225, dashboard_function.py - WMCDL(World Map Chart Data List) - Success
INFO, 2023-04-17 11:26:43,381, dashboard_function.py - connectIpDataList - Success
INFO, 2023-04-17 11:26:43,457, dashboard_function.py - connectServerDataList - Success
INFO, 2023-04-17 11:26:43,533, dashboard_function.py - memoryMoreDataList - Success
INFO, 2023-04-17 11:36:44,108, dashboard_function.py - server_BChartDataList - Success
INFO, 2023-04-17 11:36:44,252, dashboard_function.py - service_donutChartData - Success
INFO, 2023-04-17 11:36:44,348, dashboard_function.py - alarmData - Success
INFO, 2023-04-17 11:36:44,446, dashboard_function.py - server_LChartDataList - Success
INFO, 2023-04-17 11:36:44,538, dashboard_function.py - os_donutChartData - Success
INFO, 2023-04-17 11:36:44,625, dashboard_function.py - vendorChartList - Success
INFO, 2023-04-17 11:36:44,717, dashboard_function.py - alarm_donutChartData - Success
INFO, 2023-04-17 11:36:44,925, dashboard_function.py - BNChartDataList - Success
INFO, 2023-04-17 11:36:44,926, dashboard_function.py - WMCDL(World Map Chart Data List) - Success
INFO, 2023-04-17 11:36:45,115, dashboard_function.py - connectIpDataList - Success
INFO, 2023-04-17 11:36:45,208, dashboard_function.py - connectServerDataList - Success
INFO, 2023-04-17 11:36:45,303, dashboard_function.py - memoryMoreDataList - Success
INFO, 2023-04-17 11:46:46,138, dashboard_function.py - server_BChartDataList - Success
INFO, 2023-04-17 11:46:46,239, dashboard_function.py - service_donutChartData - Success
INFO, 2023-04-17 11:46:46,314, dashboard_function.py - alarmData - Success
INFO, 2023-04-17 11:46:46,396, dashboard_function.py - server_LChartDataList - Success
INFO, 2023-04-17 11:46:46,479, dashboard_function.py - os_donutChartData - Success
INFO, 2023-04-17 11:46:46,568, dashboard_function.py - vendorChartList - Success
INFO, 2023-04-17 11:46:46,651, dashboard_function.py - alarm_donutChartData - Success
INFO, 2023-04-17 11:46:46,851, dashboard_function.py - BNChartDataList - Success
INFO, 2023-04-17 11:46:46,852, dashboard_function.py - WMCDL(World Map Chart Data List) - Success
INFO, 2023-04-17 11:46:47,029, dashboard_function.py - connectIpDataList - Success
INFO, 2023-04-17 11:46:47,113, dashboard_function.py - connectServerDataList - Success
INFO, 2023-04-17 11:46:47,185, dashboard_function.py - memoryMoreDataList - Success
INFO, 2023-04-17 11:56:48,351, dashboard_function.py - server_BChartDataList - Success
INFO, 2023-04-17 11:56:48,466, dashboard_function.py - service_donutChartData - Success
INFO, 2023-04-17 11:56:48,546, dashboard_function.py - alarmData - Success
INFO, 2023-04-17 11:56:48,630, dashboard_function.py - server_LChartDataList - Success
INFO, 2023-04-17 11:56:48,705, dashboard_function.py - os_donutChartData - Success
INFO, 2023-04-17 11:56:48,784, dashboard_function.py - vendorChartList - Success
INFO, 2023-04-17 11:56:48,880, dashboard_function.py - alarm_donutChartData - Success
INFO, 2023-04-17 11:56:49,066, dashboard_function.py - BNChartDataList - Success
INFO, 2023-04-17 11:56:49,067, dashboard_function.py - WMCDL(World Map Chart Data List) - Success
INFO, 2023-04-17 11:56:49,255, dashboard_function.py - connectIpDataList - Success
INFO, 2023-04-17 11:56:49,348, dashboard_function.py - connectServerDataList - Success
INFO, 2023-04-17 11:56:49,435, dashboard_function.py - memoryMoreDataList - Success
INFO, 2023-04-17 12:06:50,367, dashboard_function.py - server_BChartDataList - Success
INFO, 2023-04-17 12:06:50,464, dashboard_function.py - service_donutChartData - Success
INFO, 2023-04-17 12:06:50,539, dashboard_function.py - alarmData - Success
INFO, 2023-04-17 12:06:50,628, dashboard_function.py - server_LChartDataList - Success
INFO, 2023-04-17 12:06:50,702, dashboard_function.py - os_donutChartData - Success
INFO, 2023-04-17 12:06:50,893, dashboard_function.py - vendorChartList - Success
INFO, 2023-04-17 12:06:50,980, dashboard_function.py - alarm_donutChartData - Success
INFO, 2023-04-17 12:06:51,165, dashboard_function.py - BNChartDataList - Success
INFO, 2023-04-17 12:06:51,166, dashboard_function.py - WMCDL(World Map Chart Data List) - Success
INFO, 2023-04-17 12:06:51,352, dashboard_function.py - connectIpDataList - Success
INFO, 2023-04-17 12:06:51,447, dashboard_function.py - connectServerDataList - Success
INFO, 2023-04-17 12:06:51,543, dashboard_function.py - memoryMoreDataList - Success
INFO, 2023-04-17 12:16:52,350, dashboard_function.py - server_BChartDataList - Success
INFO, 2023-04-17 12:16:52,466, dashboard_function.py - service_donutChartData - Success
INFO, 2023-04-17 12:16:52,544, dashboard_function.py - alarmData - Success
INFO, 2023-04-17 12:16:52,628, dashboard_function.py - server_LChartDataList - Success
INFO, 2023-04-17 12:16:52,702, dashboard_function.py - os_donutChartData - Success
INFO, 2023-04-17 12:16:52,779, dashboard_function.py - vendorChartList - Success
INFO, 2023-04-17 12:16:52,861, dashboard_function.py - alarm_donutChartData - Success
INFO, 2023-04-17 12:16:53,030, dashboard_function.py - BNChartDataList - Success
INFO, 2023-04-17 12:16:53,031, dashboard_function.py - WMCDL(World Map Chart Data List) - Success
INFO, 2023-04-17 12:16:53,194, dashboard_function.py - connectIpDataList - Success
INFO, 2023-04-17 12:16:53,270, dashboard_function.py - connectServerDataList - Success
INFO, 2023-04-17 12:16:53,351, dashboard_function.py - memoryMoreDataList - Success
INFO, 2023-04-17 12:26:54,361, dashboard_function.py - server_BChartDataList - Success
INFO, 2023-04-17 12:26:54,477, dashboard_function.py - service_donutChartData - Success
INFO, 2023-04-17 12:26:54,554, dashboard_function.py - alarmData - Success
INFO, 2023-04-17 12:26:54,632, dashboard_function.py - server_LChartDataList - Success
INFO, 2023-04-17 12:26:54,716, dashboard_function.py - os_donutChartData - Success
INFO, 2023-04-17 12:26:54,794, dashboard_function.py - vendorChartList - Success
INFO, 2023-04-17 12:26:54,874, dashboard_function.py - alarm_donutChartData - Success
INFO, 2023-04-17 12:26:55,051, dashboard_function.py - BNChartDataList - Success
INFO, 2023-04-17 12:26:55,051, dashboard_function.py - WMCDL(World Map Chart Data List) - Success
INFO, 2023-04-17 12:26:55,228, dashboard_function.py - connectIpDataList - Success
INFO, 2023-04-17 12:26:55,307, dashboard_function.py - connectServerDataList - Success
INFO, 2023-04-17 12:26:55,382, dashboard_function.py - memoryMoreDataList - Success
INFO, 2023-04-17 12:36:31,520, dashboard_function.py - server_BChartDataList - Success
INFO, 2023-04-17 12:36:31,634, dashboard_function.py - service_donutChartData - Success
INFO, 2023-04-17 12:36:31,712, dashboard_function.py - alarmData - Success
INFO, 2023-04-17 12:36:31,794, dashboard_function.py - server_LChartDataList - Success
INFO, 2023-04-17 12:36:31,873, dashboard_function.py - os_donutChartData - Success
INFO, 2023-04-17 12:36:31,953, dashboard_function.py - vendorChartList - Success
INFO, 2023-04-17 12:36:32,035, dashboard_function.py - alarm_donutChartData - Success
INFO, 2023-04-17 12:36:32,196, dashboard_function.py - BNChartDataList - Success
INFO, 2023-04-17 12:36:32,197, dashboard_function.py - WMCDL(World Map Chart Data List) - Success
INFO, 2023-04-17 12:36:32,474, dashboard_function.py - connectIpDataList - Success
INFO, 2023-04-17 12:36:32,548, dashboard_function.py - connectServerDataList - Success
INFO, 2023-04-17 12:36:32,620, dashboard_function.py - memoryMoreDataList - Success
INFO, 2023-04-17 12:46:33,362, dashboard_function.py - server_BChartDataList - Success
INFO, 2023-04-17 12:46:33,628, dashboard_function.py - service_donutChartData - Success
INFO, 2023-04-17 12:46:33,708, dashboard_function.py - alarmData - Success
INFO, 2023-04-17 12:46:33,786, dashboard_function.py - server_LChartDataList - Success
INFO, 2023-04-17 12:46:33,873, dashboard_function.py - os_donutChartData - Success
INFO, 2023-04-17 12:46:34,066, dashboard_function.py - vendorChartList - Success
INFO, 2023-04-17 12:46:34,143, dashboard_function.py - alarm_donutChartData - Success
INFO, 2023-04-17 12:46:34,308, dashboard_function.py - BNChartDataList - Success
INFO, 2023-04-17 12:46:34,309, dashboard_function.py - WMCDL(World Map Chart Data List) - Success
INFO, 2023-04-17 12:46:34,469, dashboard_function.py - connectIpDataList - Success
INFO, 2023-04-17 12:46:34,545, dashboard_function.py - connectServerDataList - Success
INFO, 2023-04-17 12:46:34,630, dashboard_function.py - memoryMoreDataList - Success
INFO, 2023-04-17 12:56:35,369, dashboard_function.py - server_BChartDataList - Success
INFO, 2023-04-17 12:56:35,526, dashboard_function.py - service_donutChartData - Success
INFO, 2023-04-17 12:56:35,633, dashboard_function.py - alarmData - Success
INFO, 2023-04-17 12:56:35,849, dashboard_function.py - server_LChartDataList - Success
INFO, 2023-04-17 12:56:35,959, dashboard_function.py - os_donutChartData - Success
INFO, 2023-04-17 12:56:36,075, dashboard_function.py - vendorChartList - Success
INFO, 2023-04-17 12:56:36,196, dashboard_function.py - alarm_donutChartData - Success
INFO, 2023-04-17 12:56:36,429, dashboard_function.py - BNChartDataList - Success
INFO, 2023-04-17 12:56:36,430, dashboard_function.py - WMCDL(World Map Chart Data List) - Success
INFO, 2023-04-17 12:56:36,661, dashboard_function.py - connectIpDataList - Success
INFO, 2023-04-17 12:56:36,768, dashboard_function.py - connectServerDataList - Success
INFO, 2023-04-17 12:56:36,871, dashboard_function.py - memoryMoreDataList - Success
INFO, 2023-04-17 13:06:37,415, dashboard_function.py - server_BChartDataList - Success
INFO, 2023-04-17 13:06:37,520, dashboard_function.py - service_donutChartData - Success
INFO, 2023-04-17 13:06:37,601, dashboard_function.py - alarmData - Success
INFO, 2023-04-17 13:06:37,682, dashboard_function.py - server_LChartDataList - Success
INFO, 2023-04-17 13:06:37,767, dashboard_function.py - os_donutChartData - Success
INFO, 2023-04-17 13:06:37,843, dashboard_function.py - vendorChartList - Success
INFO, 2023-04-17 13:06:37,924, dashboard_function.py - alarm_donutChartData - Success
INFO, 2023-04-17 13:06:38,122, dashboard_function.py - BNChartDataList - Success
INFO, 2023-04-17 13:06:38,122, dashboard_function.py - WMCDL(World Map Chart Data List) - Success
INFO, 2023-04-17 13:06:38,304, dashboard_function.py - connectIpDataList - Success
INFO, 2023-04-17 13:06:38,378, dashboard_function.py - connectServerDataList - Success
INFO, 2023-04-17 13:06:38,458, dashboard_function.py - memoryMoreDataList - Success
INFO, 2023-04-17 13:16:39,002, dashboard_function.py - server_BChartDataList - Success
INFO, 2023-04-17 13:16:39,106, dashboard_function.py - service_donutChartData - Success
INFO, 2023-04-17 13:16:39,186, dashboard_function.py - alarmData - Success
INFO, 2023-04-17 13:16:39,277, dashboard_function.py - server_LChartDataList - Success
INFO, 2023-04-17 13:16:39,469, dashboard_function.py - os_donutChartData - Success
INFO, 2023-04-17 13:16:39,559, dashboard_function.py - vendorChartList - Success
INFO, 2023-04-17 13:16:39,652, dashboard_function.py - alarm_donutChartData - Success
INFO, 2023-04-17 13:16:39,843, dashboard_function.py - BNChartDataList - Success
INFO, 2023-04-17 13:16:39,843, dashboard_function.py - WMCDL(World Map Chart Data List) - Success
INFO, 2023-04-17 13:16:40,010, dashboard_function.py - connectIpDataList - Success
INFO, 2023-04-17 13:16:40,094, dashboard_function.py - connectServerDataList - Success
INFO, 2023-04-17 13:16:40,191, dashboard_function.py - memoryMoreDataList - Success
INFO, 2023-04-17 13:26:40,693, dashboard_function.py - server_BChartDataList - Success
INFO, 2023-04-17 13:26:40,802, dashboard_function.py - service_donutChartData - Success
INFO, 2023-04-17 13:26:40,876, dashboard_function.py - alarmData - Success
INFO, 2023-04-17 13:26:40,955, dashboard_function.py - server_LChartDataList - Success
INFO, 2023-04-17 13:26:41,033, dashboard_function.py - os_donutChartData - Success
INFO, 2023-04-17 13:26:41,108, dashboard_function.py - vendorChartList - Success
INFO, 2023-04-17 13:26:41,190, dashboard_function.py - alarm_donutChartData - Success
INFO, 2023-04-17 13:26:41,353, dashboard_function.py - BNChartDataList - Success
INFO, 2023-04-17 13:26:41,354, dashboard_function.py - WMCDL(World Map Chart Data List) - Success
INFO, 2023-04-17 13:26:41,508, dashboard_function.py - connectIpDataList - Success
INFO, 2023-04-17 13:26:41,588, dashboard_function.py - connectServerDataList - Success
INFO, 2023-04-17 13:26:41,661, dashboard_function.py - memoryMoreDataList - Success
INFO, 2023-04-17 13:36:42,154, dashboard_function.py - server_BChartDataList - Success
INFO, 2023-04-17 13:36:42,253, dashboard_function.py - service_donutChartData - Success
INFO, 2023-04-17 13:36:42,333, dashboard_function.py - alarmData - Success
INFO, 2023-04-17 13:36:42,407, dashboard_function.py - server_LChartDataList - Success
INFO, 2023-04-17 13:36:42,483, dashboard_function.py - os_donutChartData - Success
INFO, 2023-04-17 13:36:42,567, dashboard_function.py - vendorChartList - Success
INFO, 2023-04-17 13:36:42,649, dashboard_function.py - alarm_donutChartData - Success
INFO, 2023-04-17 13:36:42,815, dashboard_function.py - BNChartDataList - Success
INFO, 2023-04-17 13:36:42,816, dashboard_function.py - WMCDL(World Map Chart Data List) - Success
INFO, 2023-04-17 13:36:42,971, dashboard_function.py - connectIpDataList - Success
INFO, 2023-04-17 13:36:43,051, dashboard_function.py - connectServerDataList - Success
INFO, 2023-04-17 13:36:43,133, dashboard_function.py - memoryMoreDataList - Success
INFO, 2023-04-17 13:46:44,369, dashboard_function.py - server_BChartDataList - Success
INFO, 2023-04-17 13:46:44,482, dashboard_function.py - service_donutChartData - Success
INFO, 2023-04-17 13:46:44,567, dashboard_function.py - alarmData - Success
INFO, 2023-04-17 13:46:44,651, dashboard_function.py - server_LChartDataList - Success
INFO, 2023-04-17 13:46:44,732, dashboard_function.py - os_donutChartData - Success
INFO, 2023-04-17 13:46:44,810, dashboard_function.py - vendorChartList - Success
INFO, 2023-04-17 13:46:44,894, dashboard_function.py - alarm_donutChartData - Success
INFO, 2023-04-17 13:46:45,053, dashboard_function.py - BNChartDataList - Success
INFO, 2023-04-17 13:46:45,053, dashboard_function.py - WMCDL(World Map Chart Data List) - Success
INFO, 2023-04-17 13:46:45,224, dashboard_function.py - connectIpDataList - Success
INFO, 2023-04-17 13:46:45,417, dashboard_function.py - connectServerDataList - Success
INFO, 2023-04-17 13:46:45,610, dashboard_function.py - memoryMoreDataList - Success
INFO, 2023-04-17 13:56:46,353, dashboard_function.py - server_BChartDataList - Success
INFO, 2023-04-17 13:56:46,487, dashboard_function.py - service_donutChartData - Success
INFO, 2023-04-17 13:56:46,572, dashboard_function.py - alarmData - Success
INFO, 2023-04-17 13:56:46,653, dashboard_function.py - server_LChartDataList - Success
INFO, 2023-04-17 13:56:46,741, dashboard_function.py - os_donutChartData - Success
INFO, 2023-04-17 13:56:46,817, dashboard_function.py - vendorChartList - Success
INFO, 2023-04-17 13:56:46,896, dashboard_function.py - alarm_donutChartData - Success
INFO, 2023-04-17 13:56:47,047, dashboard_function.py - BNChartDataList - Success
INFO, 2023-04-17 13:56:47,047, dashboard_function.py - WMCDL(World Map Chart Data List) - Success
INFO, 2023-04-17 13:56:47,202, dashboard_function.py - connectIpDataList - Success
INFO, 2023-04-17 13:56:47,280, dashboard_function.py - connectServerDataList - Success
INFO, 2023-04-17 13:56:47,360, dashboard_function.py - memoryMoreDataList - Success
INFO, 2023-04-17 14:06:48,372, dashboard_function.py - server_BChartDataList - Success
INFO, 2023-04-17 14:06:48,487, dashboard_function.py - service_donutChartData - Success
INFO, 2023-04-17 14:06:48,569, dashboard_function.py - alarmData - Success
INFO, 2023-04-17 14:06:48,660, dashboard_function.py - server_LChartDataList - Success
INFO, 2023-04-17 14:06:48,751, dashboard_function.py - os_donutChartData - Success
INFO, 2023-04-17 14:06:48,833, dashboard_function.py - vendorChartList - Success
INFO, 2023-04-17 14:06:48,921, dashboard_function.py - alarm_donutChartData - Success
INFO, 2023-04-17 14:06:49,095, dashboard_function.py - BNChartDataList - Success
INFO, 2023-04-17 14:06:49,095, dashboard_function.py - WMCDL(World Map Chart Data List) - Success
INFO, 2023-04-17 14:06:49,383, dashboard_function.py - connectIpDataList - Success
INFO, 2023-04-17 14:06:49,458, dashboard_function.py - connectServerDataList - Success
INFO, 2023-04-17 14:06:49,543, dashboard_function.py - memoryMoreDataList - Success
INFO, 2023-04-17 15:22:46,533, C:\X-FACTOR\X-Factor_OM\common\views.py changed, reloading.
INFO, 2023-04-17 15:22:47,868, Run Started
INFO, 2023-04-17 15:22:48,549, Watching for file changes with StatReloader
WARNING, 2023-04-17 18:32:23,730, Not Found: /favicon.ico
INFO, 2023-04-17 18:32:27,760, dashboard_function.py - os_pieChartData - Success
INFO, 2023-04-17 18:32:27,844, dashboard_function.py - wire_pieChartData - Success
INFO, 2023-04-17 18:32:27,934, dashboard_function.py - virtual_pieChartData - Success
INFO, 2023-04-17 18:32:28,032, dashboard_function.py - server_BChartDataList - Success
INFO, 2023-04-17 18:32:28,632, dashboard_function.py - service_donutChartData - Success
INFO, 2023-04-17 18:32:28,725, dashboard_function.py - ResourceDiskChartDataList - Success
INFO, 2023-04-17 18:32:28,826, dashboard_function.py - ResourceRemChartDataList - Success
INFO, 2023-04-17 18:32:28,937, dashboard_function.py - alarmData - Success
INFO, 2023-04-17 18:32:29,057, dashboard_function.py - server_LChartDataList - Success
INFO, 2023-04-17 18:32:29,154, dashboard_function.py - vendorChartList - Success
INFO, 2023-04-17 18:32:29,243, dashboard_function.py - alarm_donutChartData - Success
INFO, 2023-04-17 18:32:29,559, dashboard_function.py - BNChartDataList - Success
INFO, 2023-04-17 18:32:29,560, dashboard_function.py - WMCDL(World Map Chart Data List) - Success
INFO, 2023-04-17 18:32:29,830, dashboard_function.py - memoryMoreDataList - Success
INFO, 2023-04-17 18:32:33,403, dashboard_function.py - server_BChartDataList - Success
INFO, 2023-04-17 18:32:33,968, dashboard_function.py - service_donutChartData - Success
INFO, 2023-04-17 18:32:34,398, dashboard_function.py - alarmData - Success
INFO, 2023-04-17 18:32:34,823, dashboard_function.py - server_LChartDataList - Success
INFO, 2023-04-17 18:32:35,240, dashboard_function.py - os_donutChartData - Success
INFO, 2023-04-17 18:32:35,675, dashboard_function.py - vendorChartList - Success
INFO, 2023-04-17 18:32:36,042, dashboard_function.py - alarm_donutChartData - Success
INFO, 2023-04-17 18:32:36,714, dashboard_function.py - BNChartDataList - Success
INFO, 2023-04-17 18:32:36,716, dashboard_function.py - WMCDL(World Map Chart Data List) - Success
INFO, 2023-04-17 18:32:37,349, dashboard_function.py - connectIpDataList - Success
INFO, 2023-04-17 18:32:37,638, dashboard_function.py - connectServerDataList - Success
INFO, 2023-04-17 18:32:37,923, dashboard_function.py - memoryMoreDataList - Success
INFO, 2023-04-17 18:32:52,492, Run Finished
